#
# There is insufficient memory for the Java Runtime Environment to continue.
# Native memory allocation (mmap) failed to map 34603008 bytes for Failed to commit area from 0x000000008a400000 to 0x000000008c500000 of length 34603008.
# Possible reasons:
#   The system is out of physical RAM or swap space
#   The process is running with CompressedOops enabled, and the Java Heap may be blocking the growth of the native heap
# Possible solutions:
#   Reduce memory load on the system
#   Increase physical memory or swap space
#   Check if swap backing store is full
#   Decrease Java heap size (-Xmx/-Xms)
#   Decrease number of Java threads
#   Decrease Java thread stack sizes (-Xss)
#   Set larger code cache with -XX:ReservedCodeCacheSize=
#   JVM is running with Unscaled Compressed Oops mode in which the Java heap is
#     placed in the first 4GB address space. The Java Heap base address is the
#     maximum limit for the native heap growth. Please use -XX:HeapBaseMinAddress
#     to set the Java Heap base and to place the Java Heap above 4GB virtual address.
# This output file may be truncated or incomplete.
#
#  Out of Memory Error (./open/src/hotspot/os/windows/os_windows.cpp:3284), pid=8104, tid=3320
#
# JRE version: Java(TM) SE Runtime Environment 18.9 (11.0.14+8) (build 11.0.14+8-LTS-263)
# Java VM: Java HotSpot(TM) 64-Bit Server VM 18.9 (11.0.14+8-LTS-263, mixed mode, tiered, compressed oops, g1 gc, windows-amd64)
# No core dump will be written. Minidumps are not enabled by default on client versions of Windows
#

---------------  S U M M A R Y ------------

Command Line: -Dcom.sun.management.jmxremote -Dcom.sun.management.jmxremote.port=63795 -Dcom.sun.management.jmxremote.authenticate=false -Dcom.sun.management.jmxremote.ssl=false -Djava.rmi.server.hostname=localhost -Dspring.jmx.enabled=true -Dspring.application.admin.enabled=true -XX:TieredStopAtLevel=1 -Dspring.boot.project.name=Spring-Hotel -Dfile.encoding=UTF-8 com.registro.usuarios.RegistroUsuariosSpringSecurityApplication

Host: Intel(R) Core(TM) i5-7400 CPU @ 3.00GHz, 4 cores, 7G,  Windows 10 , 64 bit Build 19041 (10.0.19041.2364)
Time: Tue Jan 31 19:58:49 2023 Hora est. Pacífico, Sudamérica elapsed time: 7.010942 seconds (0d 0h 0m 7s)

---------------  T H R E A D  ---------------

Current thread (0x000001a8c7954000):  VMThread "VM Thread" [stack: 0x0000002bcff00000,0x0000002bd0000000] [id=3320]

Stack: [0x0000002bcff00000,0x0000002bd0000000]
[error occurred during error reporting (printing stack bounds), id 0xc0000005, EXCEPTION_ACCESS_VIOLATION (0xc0000005) at pc=0x000001a8b18d0f2d]

Native frames: (J=compiled Java code, j=interpreted, Vv=VM code, C=native code)
V  [jvm.dll+0x6296da]
V  [jvm.dll+0x76323f]
V  [jvm.dll+0x7648e9]
V  [jvm.dll+0x764ed5]
V  [jvm.dll+0x764e8b]
V  [jvm.dll+0x628c23]
V  [jvm.dll+0x6292d8]
C  [ntdll.dll+0xa241f]
C  [ntdll.dll+0x514a4]
C  [ntdll.dll+0xa0f4e]
C  0x000001a8b18d0f2d

VM_Operation (0x0000002bd10f9950): G1CollectForAllocation, mode: safepoint, requested by thread 0x000001a8c8437000


---------------  P R O C E S S  ---------------

Threads class SMR info:
_java_thread_list=0x000001a8cc192300, length=24, elements={
0x000001a8aa257800, 0x000001a8c798e000, 0x000001a8c7998000, 0x000001a8c8322800,
0x000001a8c7987800, 0x000001a8c7989000, 0x000001a8c79a2000, 0x000001a8c79a5800,
0x000001a8c8434800, 0x000001a8c8433000, 0x000001a8c8435800, 0x000001a8c8436000,
0x000001a8c8432000, 0x000001a8c8437000, 0x000001a8c8437800, 0x000001a8c8433800,
0x000001a8c8438800, 0x000001a8c9a41800, 0x000001a8c9a42800, 0x000001a8c9a3f800,
0x000001a8c9a43800, 0x000001a8c9a44000, 0x000001a8c9a3e800, 0x000001a8c9a45000
}

Java Threads: ( => current thread )
  0x000001a8aa257800 JavaThread "main" [_thread_blocked, id=11408, stack(0x0000002bcf900000,0x0000002bcfa00000)]
  0x000001a8c798e000 JavaThread "Reference Handler" daemon [_thread_blocked, id=6000, stack(0x0000002bd0000000,0x0000002bd0100000)]
  0x000001a8c7998000 JavaThread "Finalizer" daemon [_thread_blocked, id=10212, stack(0x0000002bd0100000,0x0000002bd0200000)]
  0x000001a8c8322800 JavaThread "Signal Dispatcher" daemon [_thread_blocked, id=1416, stack(0x0000002bd0200000,0x0000002bd0300000)]
  0x000001a8c7987800 JavaThread "Attach Listener" daemon [_thread_blocked, id=11700, stack(0x0000002bd0300000,0x0000002bd0400000)]
  0x000001a8c7989000 JavaThread "Service Thread" daemon [_thread_blocked, id=9296, stack(0x0000002bd0400000,0x0000002bd0500000)]
  0x000001a8c79a2000 JavaThread "C1 CompilerThread0" daemon [_thread_blocked, id=9516, stack(0x0000002bd0500000,0x0000002bd0600000)]
  0x000001a8c79a5800 JavaThread "Sweeper thread" daemon [_thread_blocked, id=2276, stack(0x0000002bd0600000,0x0000002bd0700000)]
  0x000001a8c8434800 JavaThread "Common-Cleaner" daemon [_thread_blocked, id=5656, stack(0x0000002bd0700000,0x0000002bd0800000)]
  0x000001a8c8433000 JavaThread "RMI TCP Accept-0" daemon [_thread_in_native, id=11576, stack(0x0000002bd0800000,0x0000002bd0900000)]
  0x000001a8c8435800 JavaThread "RMI TCP Accept-63795" daemon [_thread_in_native, id=5596, stack(0x0000002bd0900000,0x0000002bd0a00000)]
  0x000001a8c8436000 JavaThread "RMI TCP Accept-0" daemon [_thread_in_native, id=3272, stack(0x0000002bd0a00000,0x0000002bd0b00000)]
  0x000001a8c8432000 JavaThread "Thread-0" [_thread_blocked, id=1388, stack(0x0000002bd0f00000,0x0000002bd1000000)]
  0x000001a8c8437000 JavaThread "restartedMain" [_thread_blocked, id=10580, stack(0x0000002bd1000000,0x0000002bd1100000)]
  0x000001a8c8437800 JavaThread "RMI TCP Connection(1)-127.0.0.1" daemon [_thread_in_native, id=5256, stack(0x0000002bd1100000,0x0000002bd1200000)]
  0x000001a8c8433800 JavaThread "RMI TCP Connection(2)-127.0.0.1" daemon [_thread_in_native, id=12012, stack(0x0000002bd1200000,0x0000002bd1300000)]
  0x000001a8c8438800 JavaThread "RMI Scheduler(0)" daemon [_thread_blocked, id=12132, stack(0x0000002bd1300000,0x0000002bd1400000)]
  0x000001a8c9a41800 JavaThread "JMX server connection timeout 22" daemon [_thread_blocked, id=5056, stack(0x0000002bd1400000,0x0000002bd1500000)]
  0x000001a8c9a42800 JavaThread "Catalina-utility-1" [_thread_blocked, id=8376, stack(0x0000002bd1600000,0x0000002bd1700000)]
  0x000001a8c9a3f800 JavaThread "Catalina-utility-2" [_thread_blocked, id=11864, stack(0x0000002bd1700000,0x0000002bd1800000)]
  0x000001a8c9a43800 JavaThread "container-0" [_thread_blocked, id=2088, stack(0x0000002bd1800000,0x0000002bd1900000)]
  0x000001a8c9a44000 JavaThread "mysql-cj-abandoned-connection-cleanup" daemon [_thread_blocked, id=1780, stack(0x0000002bd1900000,0x0000002bd1a00000)]
  0x000001a8c9a3e800 JavaThread "HikariPool-1 housekeeper" daemon [_thread_blocked, id=3668, stack(0x0000002bd1b00000,0x0000002bd1c00000)]
  0x000001a8c9a45000 JavaThread "HikariPool-1 connection adder" daemon [_thread_blocked, id=9012, stack(0x0000002bd1c00000,0x0000002bd1d00000)]

Other Threads:
=>0x000001a8c7954000 VMThread "VM Thread" [stack: 0x0000002bcff00000,0x0000002bd0000000] [id=3320]
  0x000001a8c8ad6800 WatcherThread [stack: 0x0000002bd0b00000,0x0000002bd0c00000] [id=7956]
  0x000001a8aa26d000 GCTaskThread "GC Thread#0" [stack: 0x0000002bcfa00000,0x0000002bcfb00000] [id=3928]
  0x000001a8c8af8000 GCTaskThread "GC Thread#1" [stack: 0x0000002bd0c00000,0x0000002bd0d00000] [id=10444]
  0x000001a8c8af8800 GCTaskThread "GC Thread#2" [stack: 0x0000002bd0d00000,0x0000002bd0e00000] [id=1832]
  0x000001a8c9a9c800 GCTaskThread "GC Thread#3" [stack: 0x0000002bd1500000,0x0000002bd1600000] [id=4004]
  0x000001a8aa29c800 ConcurrentGCThread "G1 Main Marker" [stack: 0x0000002bcfb00000,0x0000002bcfc00000] [id=3372]
  0x000001a8aa29e800 ConcurrentGCThread "G1 Conc#0" [stack: 0x0000002bcfc00000,0x0000002bcfd00000] [id=11680]
  0x000001a8aa32e000 ConcurrentGCThread "G1 Refine#0" [stack: 0x0000002bcfd00000,0x0000002bcfe00000] [id=7932]
  0x000001a8c859e000 ConcurrentGCThread "G1 Refine#1" [stack: 0x0000002bd0e00000,0x0000002bd0f00000] [id=1152]
  0x000001a8c77c0800 ConcurrentGCThread "G1 Young RemSet Sampling" [stack: 0x0000002bcfe00000,0x0000002bcff00000] [id=1380]

Threads with active compile tasks:
C1 CompilerThread0   7028 4786       1       net.bytebuddy.description.method.MethodDescription$ForLoadedMethod::getParameters (57 bytes)

VM state:at safepoint (normal execution)

VM Mutex/Monitor currently owned by a thread:  ([mutex/lock_event])
[0x000001a8aa2523f0] Threads_lock - owner thread: 0x000001a8c7954000
[0x000001a8aa253710] Heap_lock - owner thread: 0x000001a8c8437000

Heap address: 0x0000000080a00000, size: 2038 MB, Compressed Oops mode: 32-bit
Narrow klass base: 0x0000000000000000, Narrow klass shift: 3
Compressed class space size: 1073741824 Address: 0x0000000100000000

Heap:
 garbage-first heap   total 191488K, used 26479K [0x0000000080a00000, 0x0000000100000000)
  region size 1024K, 11 young (11264K), 11 survivors (11264K)
 Metaspace       used 56135K, capacity 57729K, committed 57856K, reserved 1099776K
  class space    used 7528K, capacity 8182K, committed 8192K, reserved 1048576K
Heap Regions: E=young(eden), S=young(survivor), O=old, HS=humongous(starts), HC=humongous(continues), CS=collection set, F=free, A=archive, TAMS=top-at-mark-start (previous, next)
|   0|0x0000000080a00000, 0x0000000080b00000, 0x0000000080b00000|100%|HS|  |TAMS 0x0000000080b00000, 0x0000000080a00000| Complete 
|   1|0x0000000080b00000, 0x0000000080c00000, 0x0000000080c00000|100%| O|  |TAMS 0x0000000080c00000, 0x0000000080b00000| Untracked 
|   2|0x0000000080c00000, 0x0000000080d00000, 0x0000000080d00000|100%| O|  |TAMS 0x0000000080d00000, 0x0000000080c00000| Untracked 
|   3|0x0000000080d00000, 0x0000000080e00000, 0x0000000080e00000|100%| O|  |TAMS 0x0000000080e00000, 0x0000000080d00000| Untracked 
|   4|0x0000000080e00000, 0x0000000080f00000, 0x0000000080f00000|100%| O|  |TAMS 0x0000000080f00000, 0x0000000080e00000| Untracked 
|   5|0x0000000080f00000, 0x0000000081000000, 0x0000000081000000|100%| O|  |TAMS 0x0000000081000000, 0x0000000080f00000| Untracked 
|   6|0x0000000081000000, 0x0000000081100000, 0x0000000081100000|100%| O|  |TAMS 0x0000000081100000, 0x0000000081000000| Untracked 
|   7|0x0000000081100000, 0x0000000081200000, 0x0000000081200000|100%| O|  |TAMS 0x0000000081200000, 0x0000000081100000| Untracked 
|   8|0x0000000081200000, 0x0000000081300000, 0x0000000081300000|100%| O|  |TAMS 0x0000000081300000, 0x0000000081200000| Untracked 
|   9|0x0000000081300000, 0x0000000081400000, 0x0000000081400000|100%| O|  |TAMS 0x00000000813fa400, 0x0000000081300000| Untracked 
|  10|0x0000000081400000, 0x0000000081500000, 0x0000000081500000|100%| O|  |TAMS 0x0000000081400000, 0x0000000081400000| Untracked 
|  11|0x0000000081500000, 0x0000000081600000, 0x0000000081600000|100%| O|  |TAMS 0x0000000081500000, 0x0000000081500000| Untracked 
|  12|0x0000000081600000, 0x0000000081700000, 0x0000000081700000|100%| O|  |TAMS 0x0000000081600000, 0x0000000081600000| Untracked 
|  13|0x0000000081700000, 0x0000000081800000, 0x0000000081800000|100%| O|  |TAMS 0x0000000081700000, 0x0000000081700000| Untracked 
|  14|0x0000000081800000, 0x0000000081900000, 0x0000000081900000|100%| O|  |TAMS 0x0000000081800000, 0x0000000081800000| Untracked 
|  15|0x0000000081900000, 0x000000008197ae00, 0x0000000081a00000| 47%| O|  |TAMS 0x0000000081900000, 0x0000000081900000| Untracked 
|  16|0x0000000081a00000, 0x0000000081a00000, 0x0000000081b00000|  0%| F|  |TAMS 0x0000000081a00000, 0x0000000081a00000| Untracked 
|  17|0x0000000081b00000, 0x0000000081b00000, 0x0000000081c00000|  0%| F|  |TAMS 0x0000000081b00000, 0x0000000081b00000| Untracked 
|  18|0x0000000081c00000, 0x0000000081c00000, 0x0000000081d00000|  0%| F|  |TAMS 0x0000000081c00000, 0x0000000081c00000| Untracked 
|  19|0x0000000081d00000, 0x0000000081d00000, 0x0000000081e00000|  0%| F|  |TAMS 0x0000000081d00000, 0x0000000081d00000| Untracked 
|  20|0x0000000081e00000, 0x0000000081e00000, 0x0000000081f00000|  0%| F|  |TAMS 0x0000000081e00000, 0x0000000081e00000| Untracked 
|  21|0x0000000081f00000, 0x0000000081f00000, 0x0000000082000000|  0%| F|  |TAMS 0x0000000081f00000, 0x0000000081f00000| Untracked 
|  22|0x0000000082000000, 0x0000000082000000, 0x0000000082100000|  0%| F|  |TAMS 0x0000000082000000, 0x0000000082000000| Untracked 
|  23|0x0000000082100000, 0x0000000082100000, 0x0000000082200000|  0%| F|  |TAMS 0x0000000082100000, 0x0000000082100000| Untracked 
|  24|0x0000000082200000, 0x0000000082200000, 0x0000000082300000|  0%| F|  |TAMS 0x0000000082200000, 0x0000000082200000| Untracked 
|  25|0x0000000082300000, 0x0000000082300000, 0x0000000082400000|  0%| F|  |TAMS 0x0000000082300000, 0x0000000082300000| Untracked 
|  26|0x0000000082400000, 0x0000000082400000, 0x0000000082500000|  0%| F|  |TAMS 0x0000000082400000, 0x0000000082400000| Untracked 
|  27|0x0000000082500000, 0x0000000082500000, 0x0000000082600000|  0%| F|  |TAMS 0x0000000082500000, 0x0000000082500000| Untracked 
|  28|0x0000000082600000, 0x0000000082600000, 0x0000000082700000|  0%| F|  |TAMS 0x0000000082600000, 0x0000000082600000| Untracked 
|  29|0x0000000082700000, 0x0000000082700000, 0x0000000082800000|  0%| F|  |TAMS 0x0000000082700000, 0x0000000082700000| Untracked 
|  30|0x0000000082800000, 0x0000000082800000, 0x0000000082900000|  0%| F|  |TAMS 0x0000000082800000, 0x0000000082800000| Untracked 
|  31|0x0000000082900000, 0x0000000082900000, 0x0000000082a00000|  0%| F|  |TAMS 0x0000000082900000, 0x0000000082900000| Untracked 
|  32|0x0000000082a00000, 0x0000000082a00000, 0x0000000082b00000|  0%| F|  |TAMS 0x0000000082a00000, 0x0000000082a00000| Untracked 
|  33|0x0000000082b00000, 0x0000000082b00000, 0x0000000082c00000|  0%| F|  |TAMS 0x0000000082b00000, 0x0000000082b00000| Untracked 
|  34|0x0000000082c00000, 0x0000000082c00000, 0x0000000082d00000|  0%| F|  |TAMS 0x0000000082c00000, 0x0000000082c00000| Untracked 
|  35|0x0000000082d00000, 0x0000000082d00000, 0x0000000082e00000|  0%| F|  |TAMS 0x0000000082d00000, 0x0000000082d00000| Untracked 
|  36|0x0000000082e00000, 0x0000000082e00000, 0x0000000082f00000|  0%| F|  |TAMS 0x0000000082e00000, 0x0000000082e00000| Untracked 
|  37|0x0000000082f00000, 0x0000000082f00000, 0x0000000083000000|  0%| F|  |TAMS 0x0000000082f00000, 0x0000000082f00000| Untracked 
|  38|0x0000000083000000, 0x0000000083000000, 0x0000000083100000|  0%| F|  |TAMS 0x0000000083000000, 0x0000000083000000| Untracked 
|  39|0x0000000083100000, 0x0000000083100000, 0x0000000083200000|  0%| F|  |TAMS 0x0000000083100000, 0x0000000083100000| Untracked 
|  40|0x0000000083200000, 0x0000000083200000, 0x0000000083300000|  0%| F|  |TAMS 0x0000000083200000, 0x0000000083200000| Untracked 
|  41|0x0000000083300000, 0x0000000083300000, 0x0000000083400000|  0%| F|  |TAMS 0x0000000083300000, 0x0000000083300000| Untracked 
|  42|0x0000000083400000, 0x0000000083400000, 0x0000000083500000|  0%| F|  |TAMS 0x0000000083400000, 0x0000000083400000| Untracked 
|  43|0x0000000083500000, 0x0000000083500000, 0x0000000083600000|  0%| F|  |TAMS 0x0000000083500000, 0x0000000083500000| Untracked 
|  44|0x0000000083600000, 0x0000000083600000, 0x0000000083700000|  0%| F|  |TAMS 0x0000000083600000, 0x0000000083600000| Untracked 
|  45|0x0000000083700000, 0x0000000083700000, 0x0000000083800000|  0%| F|  |TAMS 0x0000000083700000, 0x0000000083700000| Untracked 
|  46|0x0000000083800000, 0x0000000083800000, 0x0000000083900000|  0%| F|  |TAMS 0x0000000083800000, 0x0000000083800000| Untracked 
|  47|0x0000000083900000, 0x0000000083900000, 0x0000000083a00000|  0%| F|  |TAMS 0x0000000083900000, 0x0000000083900000| Untracked 
|  48|0x0000000083a00000, 0x0000000083a00000, 0x0000000083b00000|  0%| F|  |TAMS 0x0000000083a00000, 0x0000000083a00000| Untracked 
|  49|0x0000000083b00000, 0x0000000083b00000, 0x0000000083c00000|  0%| F|  |TAMS 0x0000000083b00000, 0x0000000083b00000| Untracked 
|  50|0x0000000083c00000, 0x0000000083c00000, 0x0000000083d00000|  0%| F|  |TAMS 0x0000000083c00000, 0x0000000083c00000| Untracked 
|  51|0x0000000083d00000, 0x0000000083d60fe8, 0x0000000083e00000| 37%| S|CS|TAMS 0x0000000083d00000, 0x0000000083d00000| Complete 
|  52|0x0000000083e00000, 0x0000000083f00000, 0x0000000083f00000|100%| S|CS|TAMS 0x0000000083e00000, 0x0000000083e00000| Complete 
|  53|0x0000000083f00000, 0x0000000083f00000, 0x0000000084000000|  0%| F|  |TAMS 0x0000000083f00000, 0x0000000083f00000| Untracked 
|  54|0x0000000084000000, 0x0000000084000000, 0x0000000084100000|  0%| F|  |TAMS 0x0000000084000000, 0x0000000084000000| Untracked 
|  55|0x0000000084100000, 0x0000000084100000, 0x0000000084200000|  0%| F|  |TAMS 0x0000000084100000, 0x0000000084100000| Untracked 
|  56|0x0000000084200000, 0x0000000084200000, 0x0000000084300000|  0%| F|  |TAMS 0x0000000084200000, 0x0000000084200000| Untracked 
|  57|0x0000000084300000, 0x0000000084300000, 0x0000000084400000|  0%| F|  |TAMS 0x0000000084300000, 0x0000000084300000| Untracked 
|  58|0x0000000084400000, 0x0000000084400000, 0x0000000084500000|  0%| F|  |TAMS 0x0000000084400000, 0x0000000084400000| Untracked 
|  59|0x0000000084500000, 0x0000000084500000, 0x0000000084600000|  0%| F|  |TAMS 0x0000000084500000, 0x0000000084500000| Untracked 
|  60|0x0000000084600000, 0x0000000084600000, 0x0000000084700000|  0%| F|  |TAMS 0x0000000084600000, 0x0000000084600000| Untracked 
|  61|0x0000000084700000, 0x0000000084700000, 0x0000000084800000|  0%| F|  |TAMS 0x0000000084700000, 0x0000000084700000| Untracked 
|  62|0x0000000084800000, 0x0000000084900000, 0x0000000084900000|100%| S|CS|TAMS 0x0000000084800000, 0x0000000084800000| Complete 
|  63|0x0000000084900000, 0x0000000084a00000, 0x0000000084a00000|100%| S|CS|TAMS 0x0000000084900000, 0x0000000084900000| Complete 
|  64|0x0000000084a00000, 0x0000000084b00000, 0x0000000084b00000|100%| S|CS|TAMS 0x0000000084a00000, 0x0000000084a00000| Complete 
|  65|0x0000000084b00000, 0x0000000084c00000, 0x0000000084c00000|100%| S|CS|TAMS 0x0000000084b00000, 0x0000000084b00000| Complete 
|  66|0x0000000084c00000, 0x0000000084d00000, 0x0000000084d00000|100%| S|CS|TAMS 0x0000000084c00000, 0x0000000084c00000| Complete 
|  67|0x0000000084d00000, 0x0000000084e00000, 0x0000000084e00000|100%| S|CS|TAMS 0x0000000084d00000, 0x0000000084d00000| Complete 
|  68|0x0000000084e00000, 0x0000000084f00000, 0x0000000084f00000|100%| S|CS|TAMS 0x0000000084e00000, 0x0000000084e00000| Complete 
|  69|0x0000000084f00000, 0x0000000085000000, 0x0000000085000000|100%| S|CS|TAMS 0x0000000084f00000, 0x0000000084f00000| Complete 
|  70|0x0000000085000000, 0x0000000085100000, 0x0000000085100000|100%| S|CS|TAMS 0x0000000085000000, 0x0000000085000000| Complete 
|  71|0x0000000085100000, 0x0000000085100000, 0x0000000085200000|  0%| F|  |TAMS 0x0000000085100000, 0x0000000085100000| Untracked 
|  72|0x0000000085200000, 0x0000000085200000, 0x0000000085300000|  0%| F|  |TAMS 0x0000000085200000, 0x0000000085200000| Untracked 
|  73|0x0000000085300000, 0x0000000085300000, 0x0000000085400000|  0%| F|  |TAMS 0x0000000085300000, 0x0000000085300000| Untracked 
|  74|0x0000000085400000, 0x0000000085400000, 0x0000000085500000|  0%| F|  |TAMS 0x0000000085400000, 0x0000000085400000| Untracked 
|  75|0x0000000085500000, 0x0000000085500000, 0x0000000085600000|  0%| F|  |TAMS 0x0000000085500000, 0x0000000085500000| Untracked 
|  76|0x0000000085600000, 0x0000000085600000, 0x0000000085700000|  0%| F|  |TAMS 0x0000000085600000, 0x0000000085600000| Untracked 
|  77|0x0000000085700000, 0x0000000085700000, 0x0000000085800000|  0%| F|  |TAMS 0x0000000085700000, 0x0000000085700000| Untracked 
|  78|0x0000000085800000, 0x0000000085800000, 0x0000000085900000|  0%| F|  |TAMS 0x0000000085800000, 0x0000000085800000| Untracked 
|  79|0x0000000085900000, 0x0000000085900000, 0x0000000085a00000|  0%| F|  |TAMS 0x0000000085900000, 0x0000000085900000| Untracked 
|  80|0x0000000085a00000, 0x0000000085a00000, 0x0000000085b00000|  0%| F|  |TAMS 0x0000000085a00000, 0x0000000085a00000| Untracked 
|  81|0x0000000085b00000, 0x0000000085b00000, 0x0000000085c00000|  0%| F|  |TAMS 0x0000000085b00000, 0x0000000085b00000| Untracked 
|  82|0x0000000085c00000, 0x0000000085c00000, 0x0000000085d00000|  0%| F|  |TAMS 0x0000000085c00000, 0x0000000085c00000| Untracked 
|  83|0x0000000085d00000, 0x0000000085d00000, 0x0000000085e00000|  0%| F|  |TAMS 0x0000000085d00000, 0x0000000085d00000| Untracked 
|  84|0x0000000085e00000, 0x0000000085e00000, 0x0000000085f00000|  0%| F|  |TAMS 0x0000000085e00000, 0x0000000085e00000| Untracked 
|  85|0x0000000085f00000, 0x0000000085f00000, 0x0000000086000000|  0%| F|  |TAMS 0x0000000085f00000, 0x0000000085f00000| Untracked 
|  86|0x0000000086000000, 0x0000000086000000, 0x0000000086100000|  0%| F|  |TAMS 0x0000000086000000, 0x0000000086000000| Untracked 
|  87|0x0000000086100000, 0x0000000086100000, 0x0000000086200000|  0%| F|  |TAMS 0x0000000086100000, 0x0000000086100000| Untracked 
|  88|0x0000000086200000, 0x0000000086200000, 0x0000000086300000|  0%| F|  |TAMS 0x0000000086200000, 0x0000000086200000| Untracked 
|  89|0x0000000086300000, 0x0000000086300000, 0x0000000086400000|  0%| F|  |TAMS 0x0000000086300000, 0x0000000086300000| Untracked 
|  90|0x0000000086400000, 0x0000000086400000, 0x0000000086500000|  0%| F|  |TAMS 0x0000000086400000, 0x0000000086400000| Untracked 
|  91|0x0000000086500000, 0x0000000086500000, 0x0000000086600000|  0%| F|  |TAMS 0x0000000086500000, 0x0000000086500000| Untracked 
|  92|0x0000000086600000, 0x0000000086600000, 0x0000000086700000|  0%| F|  |TAMS 0x0000000086600000, 0x0000000086600000| Untracked 
|  93|0x0000000086700000, 0x0000000086700000, 0x0000000086800000|  0%| F|  |TAMS 0x0000000086700000, 0x0000000086700000| Untracked 
|  94|0x0000000086800000, 0x0000000086800000, 0x0000000086900000|  0%| F|  |TAMS 0x0000000086800000, 0x0000000086800000| Untracked 
|  95|0x0000000086900000, 0x0000000086900000, 0x0000000086a00000|  0%| F|  |TAMS 0x0000000086900000, 0x0000000086900000| Untracked 
|  96|0x0000000086a00000, 0x0000000086a00000, 0x0000000086b00000|  0%| F|  |TAMS 0x0000000086a00000, 0x0000000086a00000| Untracked 
|  97|0x0000000086b00000, 0x0000000086b00000, 0x0000000086c00000|  0%| F|  |TAMS 0x0000000086b00000, 0x0000000086b00000| Untracked 
|  98|0x0000000086c00000, 0x0000000086c00000, 0x0000000086d00000|  0%| F|  |TAMS 0x0000000086c00000, 0x0000000086c00000| Untracked 
|  99|0x0000000086d00000, 0x0000000086d00000, 0x0000000086e00000|  0%| F|  |TAMS 0x0000000086d00000, 0x0000000086d00000| Untracked 
| 100|0x0000000086e00000, 0x0000000086e00000, 0x0000000086f00000|  0%| F|  |TAMS 0x0000000086e00000, 0x0000000086e00000| Untracked 
| 101|0x0000000086f00000, 0x0000000086f00000, 0x0000000087000000|  0%| F|  |TAMS 0x0000000086f00000, 0x0000000086f00000| Untracked 
| 102|0x0000000087000000, 0x0000000087000000, 0x0000000087100000|  0%| F|  |TAMS 0x0000000087000000, 0x0000000087000000| Untracked 
| 103|0x0000000087100000, 0x0000000087100000, 0x0000000087200000|  0%| F|  |TAMS 0x0000000087100000, 0x0000000087100000| Untracked 
| 104|0x0000000087200000, 0x0000000087200000, 0x0000000087300000|  0%| F|  |TAMS 0x0000000087200000, 0x0000000087200000| Untracked 
| 105|0x0000000087300000, 0x0000000087300000, 0x0000000087400000|  0%| F|  |TAMS 0x0000000087300000, 0x0000000087300000| Untracked 
| 106|0x0000000087400000, 0x0000000087400000, 0x0000000087500000|  0%| F|  |TAMS 0x0000000087400000, 0x0000000087400000| Untracked 
| 107|0x0000000087500000, 0x0000000087500000, 0x0000000087600000|  0%| F|  |TAMS 0x0000000087500000, 0x0000000087500000| Untracked 
| 108|0x0000000087600000, 0x0000000087600000, 0x0000000087700000|  0%| F|  |TAMS 0x0000000087600000, 0x0000000087600000| Untracked 
| 109|0x0000000087700000, 0x0000000087700000, 0x0000000087800000|  0%| F|  |TAMS 0x0000000087700000, 0x0000000087700000| Untracked 
| 110|0x0000000087800000, 0x0000000087800000, 0x0000000087900000|  0%| F|  |TAMS 0x0000000087800000, 0x0000000087800000| Untracked 
| 111|0x0000000087900000, 0x0000000087900000, 0x0000000087a00000|  0%| F|  |TAMS 0x0000000087900000, 0x0000000087900000| Untracked 
| 112|0x0000000087a00000, 0x0000000087a00000, 0x0000000087b00000|  0%| F|  |TAMS 0x0000000087a00000, 0x0000000087a00000| Untracked 
| 113|0x0000000087b00000, 0x0000000087b00000, 0x0000000087c00000|  0%| F|  |TAMS 0x0000000087b00000, 0x0000000087b00000| Untracked 
| 114|0x0000000087c00000, 0x0000000087c00000, 0x0000000087d00000|  0%| F|  |TAMS 0x0000000087c00000, 0x0000000087c00000| Untracked 
| 115|0x0000000087d00000, 0x0000000087d00000, 0x0000000087e00000|  0%| F|  |TAMS 0x0000000087d00000, 0x0000000087d00000| Untracked 
| 116|0x0000000087e00000, 0x0000000087e00000, 0x0000000087f00000|  0%| F|  |TAMS 0x0000000087e00000, 0x0000000087e00000| Untracked 
| 117|0x0000000087f00000, 0x0000000087f00000, 0x0000000088000000|  0%| F|  |TAMS 0x0000000087f00000, 0x0000000087f00000| Untracked 
| 118|0x0000000088000000, 0x0000000088000000, 0x0000000088100000|  0%| F|  |TAMS 0x0000000088000000, 0x0000000088000000| Untracked 
| 119|0x0000000088100000, 0x0000000088100000, 0x0000000088200000|  0%| F|  |TAMS 0x0000000088100000, 0x0000000088100000| Untracked 
| 120|0x0000000088200000, 0x0000000088200000, 0x0000000088300000|  0%| F|  |TAMS 0x0000000088200000, 0x0000000088200000| Untracked 
| 121|0x0000000088300000, 0x0000000088300000, 0x0000000088400000|  0%| F|  |TAMS 0x0000000088300000, 0x0000000088300000| Untracked 
| 122|0x0000000088400000, 0x0000000088400000, 0x0000000088500000|  0%| F|  |TAMS 0x0000000088400000, 0x0000000088400000| Untracked 
| 123|0x0000000088500000, 0x0000000088500000, 0x0000000088600000|  0%| F|  |TAMS 0x0000000088500000, 0x0000000088500000| Untracked 
| 124|0x0000000088600000, 0x0000000088600000, 0x0000000088700000|  0%| F|  |TAMS 0x0000000088600000, 0x0000000088600000| Untracked 
| 125|0x0000000088700000, 0x0000000088700000, 0x0000000088800000|  0%| F|  |TAMS 0x0000000088700000, 0x0000000088700000| Untracked 
| 126|0x0000000088800000, 0x0000000088800000, 0x0000000088900000|  0%| F|  |TAMS 0x0000000088800000, 0x0000000088800000| Untracked 
| 127|0x0000000088900000, 0x0000000088900000, 0x0000000088a00000|  0%| F|  |TAMS 0x0000000088900000, 0x0000000088900000| Untracked 
| 128|0x0000000088a00000, 0x0000000088a00000, 0x0000000088b00000|  0%| F|  |TAMS 0x0000000088a00000, 0x0000000088a00000| Untracked 
| 129|0x0000000088b00000, 0x0000000088b00000, 0x0000000088c00000|  0%| F|  |TAMS 0x0000000088b00000, 0x0000000088b00000| Untracked 
| 130|0x0000000088c00000, 0x0000000088c00000, 0x0000000088d00000|  0%| F|  |TAMS 0x0000000088c00000, 0x0000000088c00000| Untracked 
| 131|0x0000000088d00000, 0x0000000088d00000, 0x0000000088e00000|  0%| F|  |TAMS 0x0000000088d00000, 0x0000000088d00000| Untracked 
| 132|0x0000000088e00000, 0x0000000088e00000, 0x0000000088f00000|  0%| F|  |TAMS 0x0000000088e00000, 0x0000000088e00000| Untracked 
| 133|0x0000000088f00000, 0x0000000088f00000, 0x0000000089000000|  0%| F|  |TAMS 0x0000000088f00000, 0x0000000088f00000| Untracked 
| 134|0x0000000089000000, 0x0000000089000000, 0x0000000089100000|  0%| F|  |TAMS 0x0000000089000000, 0x0000000089000000| Untracked 
| 135|0x0000000089100000, 0x0000000089100000, 0x0000000089200000|  0%| F|  |TAMS 0x0000000089100000, 0x0000000089100000| Untracked 
| 136|0x0000000089200000, 0x0000000089200000, 0x0000000089300000|  0%| F|  |TAMS 0x0000000089200000, 0x0000000089200000| Untracked 
| 137|0x0000000089300000, 0x0000000089300000, 0x0000000089400000|  0%| F|  |TAMS 0x0000000089300000, 0x0000000089300000| Untracked 
| 138|0x0000000089400000, 0x0000000089400000, 0x0000000089500000|  0%| F|  |TAMS 0x0000000089400000, 0x0000000089400000| Untracked 
| 139|0x0000000089500000, 0x0000000089500000, 0x0000000089600000|  0%| F|  |TAMS 0x0000000089500000, 0x0000000089500000| Untracked 
| 140|0x0000000089600000, 0x0000000089600000, 0x0000000089700000|  0%| F|  |TAMS 0x0000000089600000, 0x0000000089600000| Untracked 
| 141|0x0000000089700000, 0x0000000089700000, 0x0000000089800000|  0%| F|  |TAMS 0x0000000089700000, 0x0000000089700000| Untracked 
| 142|0x0000000089800000, 0x0000000089800000, 0x0000000089900000|  0%| F|  |TAMS 0x0000000089800000, 0x0000000089800000| Untracked 
| 143|0x0000000089900000, 0x0000000089900000, 0x0000000089a00000|  0%| F|  |TAMS 0x0000000089900000, 0x0000000089900000| Untracked 
| 144|0x0000000089a00000, 0x0000000089a00000, 0x0000000089b00000|  0%| F|  |TAMS 0x0000000089a00000, 0x0000000089a00000| Untracked 
| 145|0x0000000089b00000, 0x0000000089b00000, 0x0000000089c00000|  0%| F|  |TAMS 0x0000000089b00000, 0x0000000089b00000| Untracked 
| 146|0x0000000089c00000, 0x0000000089c00000, 0x0000000089d00000|  0%| F|  |TAMS 0x0000000089c00000, 0x0000000089c00000| Untracked 
| 147|0x0000000089d00000, 0x0000000089d00000, 0x0000000089e00000|  0%| F|  |TAMS 0x0000000089d00000, 0x0000000089d00000| Untracked 
| 148|0x0000000089e00000, 0x0000000089e00000, 0x0000000089f00000|  0%| F|  |TAMS 0x0000000089e00000, 0x0000000089e00000| Untracked 
| 149|0x0000000089f00000, 0x0000000089f00000, 0x000000008a000000|  0%| F|  |TAMS 0x0000000089f00000, 0x0000000089f00000| Untracked 
| 150|0x000000008a000000, 0x000000008a000000, 0x000000008a100000|  0%| F|  |TAMS 0x000000008a000000, 0x000000008a000000| Untracked 
| 151|0x000000008a100000, 0x000000008a100000, 0x000000008a200000|  0%| F|  |TAMS 0x000000008a100000, 0x000000008a100000| Untracked 
| 152|0x000000008a200000, 0x000000008a200000, 0x000000008a300000|  0%| F|  |TAMS 0x000000008a200000, 0x000000008a200000| Untracked 
| 153|0x000000008a300000, 0x000000008a300000, 0x000000008a400000|  0%| F|  |TAMS 0x000000008a300000, 0x000000008a300000| Untracked 

Card table byte_map: [0x000001a8c0cd0000,0x000001a8c10d0000] _byte_map_base: 0x000001a8c08cb000

Marking Bits (Prev, Next): (CMBitMap*) 0x000001a8aa293918, (CMBitMap*) 0x000001a8aa293950
 Prev Bits: [0x000001a8c14d0000, 0x000001a8c34a8000)
 Next Bits: [0x000001a8c34b0000, 0x000001a8c5488000)

Polling page: 0x000001a8a9a30000

Metaspace:

Usage:
  Non-class:     48.39 MB capacity,    47.47 MB ( 98%) used,   758.17 KB (  2%) free+waste,   182.19 KB ( <1%) overhead. 
      Class:      7.99 MB capacity,     7.35 MB ( 92%) used,   560.34 KB (  7%) free+waste,    93.13 KB (  1%) overhead. 
       Both:     56.38 MB capacity,    54.82 MB ( 97%) used,     1.29 MB (  2%) free+waste,   275.31 KB ( <1%) overhead. 

Virtual space:
  Non-class space:       50.00 MB reserved,      48.50 MB ( 97%) committed 
      Class space:        1.00 GB reserved,       8.00 MB ( <1%) committed 
             Both:        1.05 GB reserved,      56.50 MB (  5%) committed 

Chunk freelists:
   Non-Class:  6.63 KB
       Class:  1.25 KB
        Both:  7.88 KB

CodeHeap 'non-profiled nmethods': size=238912Kb used=7229Kb max_used=7229Kb free=231682Kb
 bounds [0x000001a8b1f80000, 0x000001a8b2690000, 0x000001a8c08d0000]
CodeHeap 'non-nmethods': size=6848Kb used=1223Kb max_used=1223Kb free=5624Kb
 bounds [0x000001a8b18d0000, 0x000001a8b1b40000, 0x000001a8b1f80000]
 total_blobs=5385 nmethods=4791 adapters=520
 compilation: enabled
              stopped_count=0, restarted_count=0
 full_count=0

Compilation events (10 events):
Event: 6.983 Thread 0x000001a8c79a2000 nmethod 4789 0x000001a8b268e690 code [0x000001a8b268e820, 0x000001a8b268e8d8]
Event: 6.983 Thread 0x000001a8c79a2000 4790       1       net.bytebuddy.description.type.TypeDescription$Generic$LazyProjection$WithEagerNavigation$OfAnnotatedElement::<init> (5 bytes)
Event: 6.983 Thread 0x000001a8c79a2000 nmethod 4790 0x000001a8b268e990 code [0x000001a8b268eb20, 0x000001a8b268ebd8]
Event: 6.983 Thread 0x000001a8c79a2000 4791       1       net.bytebuddy.description.type.TypeDescription$Generic$OfNonGenericType::accept (8 bytes)
Event: 6.983 Thread 0x000001a8c79a2000 nmethod 4791 0x000001a8b268ec90 code [0x000001a8b268ee20, 0x000001a8b268ef08]
Event: 6.983 Thread 0x000001a8c79a2000 4787       1       net.bytebuddy.description.method.MethodDescription$ForLoadedMethod::getModifiers (8 bytes)
Event: 6.984 Thread 0x000001a8c79a2000 nmethod 4787 0x000001a8b268ef90 code [0x000001a8b268f120, 0x000001a8b268f1d8]
Event: 6.984 Thread 0x000001a8c79a2000 4792       1       net.bytebuddy.matcher.ElementMatcher$Junction$Conjunction::matches (32 bytes)
Event: 6.984 Thread 0x000001a8c79a2000 nmethod 4792 0x000001a8b268f290 code [0x000001a8b268f440, 0x000001a8b268f598]
Event: 6.984 Thread 0x000001a8c79a2000 4786       1       net.bytebuddy.description.method.MethodDescription$ForLoadedMethod::getParameters (57 bytes)

GC Heap History (10 events):
Event: 1.145 GC heap after
{Heap after GC invocations=4 (full 0):
 garbage-first heap   total 131072K, used 10616K [0x0000000080a00000, 0x0000000100000000)
  region size 1024K, 4 young (4096K), 4 survivors (4096K)
 Metaspace       used 20437K, capacity 21146K, committed 21248K, reserved 1067008K
  class space    used 2434K, capacity 2739K, committed 2816K, reserved 1048576K
}
Event: 1.416 GC heap before
{Heap before GC invocations=5 (full 0):
 garbage-first heap   total 131072K, used 50552K [0x0000000080a00000, 0x0000000100000000)
  region size 1024K, 44 young (45056K), 4 survivors (4096K)
 Metaspace       used 25112K, capacity 25885K, committed 25984K, reserved 1071104K
  class space    used 3148K, capacity 3446K, committed 3456K, reserved 1048576K
}
Event: 1.423 GC heap after
{Heap after GC invocations=6 (full 0):
 garbage-first heap   total 157696K, used 12581K [0x0000000080a00000, 0x0000000100000000)
  region size 1024K, 5 young (5120K), 5 survivors (5120K)
 Metaspace       used 25112K, capacity 25885K, committed 25984K, reserved 1071104K
  class space    used 3148K, capacity 3446K, committed 3456K, reserved 1048576K
}
Event: 2.114 GC heap before
{Heap before GC invocations=6 (full 0):
 garbage-first heap   total 157696K, used 101669K [0x0000000080a00000, 0x0000000100000000)
  region size 1024K, 92 young (94208K), 5 survivors (5120K)
 Metaspace       used 33092K, capacity 34110K, committed 34432K, reserved 1079296K
  class space    used 4182K, capacity 4623K, committed 4736K, reserved 1048576K
}
Event: 2.122 GC heap after
{Heap after GC invocations=7 (full 0):
 garbage-first heap   total 157696K, used 16300K [0x0000000080a00000, 0x0000000100000000)
  region size 1024K, 9 young (9216K), 9 survivors (9216K)
 Metaspace       used 33092K, capacity 34110K, committed 34432K, reserved 1079296K
  class space    used 4182K, capacity 4623K, committed 4736K, reserved 1048576K
}
Event: 2.436 GC heap before
{Heap before GC invocations=7 (full 0):
 garbage-first heap   total 157696K, used 34732K [0x0000000080a00000, 0x0000000100000000)
  region size 1024K, 28 young (28672K), 9 survivors (9216K)
 Metaspace       used 34742K, capacity 35788K, committed 35840K, reserved 1081344K
  class space    used 4421K, capacity 4863K, committed 4864K, reserved 1048576K
}
Event: 2.445 GC heap after
{Heap after GC invocations=8 (full 0):
 garbage-first heap   total 157696K, used 17385K [0x0000000080a00000, 0x0000000100000000)
  region size 1024K, 7 young (7168K), 7 survivors (7168K)
 Metaspace       used 34742K, capacity 35788K, committed 35840K, reserved 1081344K
  class space    used 4421K, capacity 4863K, committed 4864K, reserved 1048576K
}
Event: 4.334 GC heap before
{Heap before GC invocations=9 (full 0):
 garbage-first heap   total 157696K, used 104425K [0x0000000080a00000, 0x0000000100000000)
  region size 1024K, 92 young (94208K), 7 survivors (7168K)
 Metaspace       used 41890K, capacity 43422K, committed 43520K, reserved 1087488K
  class space    used 5443K, capacity 6065K, committed 6144K, reserved 1048576K
}
Event: 4.345 GC heap after
{Heap after GC invocations=10 (full 0):
 garbage-first heap   total 157696K, used 21224K [0x0000000080a00000, 0x0000000100000000)
  region size 1024K, 9 young (9216K), 9 survivors (9216K)
 Metaspace       used 41890K, capacity 43422K, committed 43520K, reserved 1087488K
  class space    used 5443K, capacity 6065K, committed 6144K, reserved 1048576K
}
Event: 6.984 GC heap before
{Heap before GC invocations=10 (full 0):
 garbage-first heap   total 157696K, used 106216K [0x0000000080a00000, 0x0000000100000000)
  region size 1024K, 92 young (94208K), 9 survivors (9216K)
 Metaspace       used 56135K, capacity 57729K, committed 57856K, reserved 1099776K
  class space    used 7528K, capacity 8182K, committed 8192K, reserved 1048576K
}

Deoptimization events (0 events):
No events

Classes redefined (0 events):
No events

Internal exceptions (10 events):
Event: 3.488 Thread 0x000001a8c8433800 Exception <a 'java/lang/reflect/InvocationTargetException'{0x000000008a109e68}> (0x000000008a109e68) thrown at [./open/src/hotspot/share/runtime/reflection.cpp, line 1242]
Event: 3.595 Thread 0x000001a8c8437000 Exception <a 'java/io/FileNotFoundException'{0x00000000854e90d0}> (0x00000000854e90d0) thrown at [./open/src/hotspot/share/prims/jni.cpp, line 611]
Event: 3.663 Thread 0x000001a8c8437000 Exception <a 'java/lang/NoSuchMethodError'{0x0000000085257bd8}: java.lang.invoke.DirectMethodHandle$Holder.invokeInterface(Ljava/lang/Object;Ljava/lang/Object;Ljava/lang/Object;Ljava/lang/Object;)I> (0x0000000085257bd8) thrown at [./open/src/hotspot/share
Event: 3.806 Thread 0x000001a8c8437000 Exception <a 'java/lang/NoSuchMethodError'{0x0000000084ea9e98}: static Lorg/springframework/security/authentication/AbstractAuthenticationToken;.<clinit>()V> (0x0000000084ea9e98) thrown at [./open/src/hotspot/share/prims/jni.cpp, line 1366]
Event: 5.246 Thread 0x000001a8c8433800 Exception <a 'java/lang/reflect/InvocationTargetException'{0x0000000087f6c770}> (0x0000000087f6c770) thrown at [./open/src/hotspot/share/runtime/reflection.cpp, line 1242]
Event: 5.913 Thread 0x000001a8c8433800 Exception <a 'java/lang/reflect/InvocationTargetException'{0x0000000087f70758}> (0x0000000087f70758) thrown at [./open/src/hotspot/share/runtime/reflection.cpp, line 1242]
Event: 6.360 Thread 0x000001a8c8437000 Exception <a 'java/lang/NoSuchMethodError'{0x0000000087664258}: java.lang.invoke.DirectMethodHandle$Holder.invokeStaticInit(Ljava/lang/Object;Ljava/lang/Object;Ljava/lang/Object;Ljava/lang/Object;)Ljava/lang/Object;> (0x0000000087664258) thrown at [./open
Event: 6.415 Thread 0x000001a8c8433800 Exception <a 'java/lang/reflect/InvocationTargetException'{0x0000000087f74740}> (0x0000000087f74740) thrown at [./open/src/hotspot/share/runtime/reflection.cpp, line 1242]
Event: 6.669 Thread 0x000001a8c8437000 Exception <a 'java/lang/NoSuchMethodError'{0x00000000869e85d8}: java.lang.invoke.DirectMethodHandle$Holder.newInvokeSpecial(Ljava/lang/Object;Ljava/lang/Object;ILjava/lang/Object;Ljava/lang/Object;)Ljava/lang/Object;> (0x00000000869e85d8) thrown at [./ope
Event: 6.919 Thread 0x000001a8c8433800 Exception <a 'java/lang/reflect/InvocationTargetException'{0x0000000087f78728}> (0x0000000087f78728) thrown at [./open/src/hotspot/share/runtime/reflection.cpp, line 1242]

Events (10 events):
Event: 6.982 loading class net/bytebuddy/matcher/CollectionItemMatcher done
Event: 6.982 loading class net/bytebuddy/dynamic/scaffold/MethodGraph$NodeList
Event: 6.982 loading class net/bytebuddy/dynamic/scaffold/MethodGraph$NodeList done
Event: 6.982 loading class net/bytebuddy/dynamic/scaffold/MethodGraph$Node$Sort
Event: 6.982 loading class net/bytebuddy/dynamic/scaffold/MethodGraph$Node$Sort done
Event: 6.983 loading class net/bytebuddy/dynamic/scaffold/MethodRegistry$Default$Prepared$Entry
Event: 6.983 loading class net/bytebuddy/dynamic/scaffold/MethodRegistry$Default$Prepared$Entry done
Event: 6.984 loading class net/bytebuddy/description/type/TypeList$ForLoadedTypes
Event: 6.984 loading class net/bytebuddy/description/type/TypeList$ForLoadedTypes done
Event: 6.984 Executing VM operation: G1CollectForAllocation


Dynamic libraries:
0x00007ff740380000 - 0x00007ff74038f000 	C:\Program Files\Java\jdk-11.0.14\bin\javaw.exe
0x00007ffb7e470000 - 0x00007ffb7e668000 	C:\Windows\SYSTEM32\ntdll.dll
0x00007ffb7ca00000 - 0x00007ffb7cabf000 	C:\Windows\System32\KERNEL32.DLL
0x00007ffb7bd80000 - 0x00007ffb7c052000 	C:\Windows\System32\KERNELBASE.dll
0x00007ffb7c120000 - 0x00007ffb7c220000 	C:\Windows\System32\ucrtbase.dll
0x00007ffb77000000 - 0x00007ffb77015000 	C:\Program Files\Java\jdk-11.0.14\bin\VCRUNTIME140.dll
0x00007ffb67430000 - 0x00007ffb67448000 	C:\Program Files\Java\jdk-11.0.14\bin\jli.dll
0x00007ffb7d020000 - 0x00007ffb7d0ce000 	C:\Windows\System32\ADVAPI32.dll
0x00007ffb7d900000 - 0x00007ffb7d99e000 	C:\Windows\System32\msvcrt.dll
0x00007ffb7cf80000 - 0x00007ffb7d01c000 	C:\Windows\System32\sechost.dll
0x00007ffb7cd90000 - 0x00007ffb7ceb5000 	C:\Windows\System32\RPCRT4.dll
0x00007ffb7cac0000 - 0x00007ffb7cc61000 	C:\Windows\System32\USER32.dll
0x00007ffb7c480000 - 0x00007ffb7c4a2000 	C:\Windows\System32\win32u.dll
0x00007ffb7e3e0000 - 0x00007ffb7e40b000 	C:\Windows\System32\GDI32.dll
0x00007ffb7bbd0000 - 0x00007ffb7bcdf000 	C:\Windows\System32\gdi32full.dll
0x00007ffb7bce0000 - 0x00007ffb7bd7d000 	C:\Windows\System32\msvcp_win.dll
0x00007ffb632f0000 - 0x00007ffb6358a000 	C:\Windows\WinSxS\amd64_microsoft.windows.common-controls_6595b64144ccf1df_6.0.19041.1110_none_60b5254171f9507e\COMCTL32.dll
0x00007ffb75850000 - 0x00007ffb7585a000 	C:\Windows\SYSTEM32\VERSION.dll
0x00007ffb7d8c0000 - 0x00007ffb7d8f2000 	C:\Windows\System32\IMM32.DLL
0x00007ffb49e10000 - 0x00007ffb49eab000 	C:\Program Files\Java\jdk-11.0.14\bin\msvcp140.dll
0x00007ffb3de90000 - 0x00007ffb3e9a6000 	C:\Program Files\Java\jdk-11.0.14\bin\server\jvm.dll
0x00007ffb7d770000 - 0x00007ffb7d778000 	C:\Windows\System32\PSAPI.DLL
0x00007ffb62d50000 - 0x00007ffb62d59000 	C:\Windows\SYSTEM32\WSOCK32.dll
0x00007ffb7d130000 - 0x00007ffb7d19b000 	C:\Windows\System32\WS2_32.dll
0x00007ffb704e0000 - 0x00007ffb70507000 	C:\Windows\SYSTEM32\WINMM.dll
0x00007ffb79a40000 - 0x00007ffb79a52000 	C:\Windows\SYSTEM32\kernel.appcore.dll
0x00007ffb72760000 - 0x00007ffb72770000 	C:\Program Files\Java\jdk-11.0.14\bin\verify.dll
0x00007ffb6ebe0000 - 0x00007ffb6edc4000 	C:\Windows\SYSTEM32\DBGHELP.DLL
0x00007ffb62fb0000 - 0x00007ffb62fe5000 	C:\Windows\SYSTEM32\dbgcore.DLL
0x00007ffb7c060000 - 0x00007ffb7c0e2000 	C:\Windows\System32\bcryptPrimitives.dll
0x00007ffb6bd80000 - 0x00007ffb6bda8000 	C:\Program Files\Java\jdk-11.0.14\bin\java.dll
0x00007ffb6d460000 - 0x00007ffb6d46a000 	C:\Program Files\Java\jdk-11.0.14\bin\jimage.dll
0x00007ffb64c70000 - 0x00007ffb64c86000 	C:\Program Files\Java\jdk-11.0.14\bin\zip.dll
0x00007ffb7da70000 - 0x00007ffb7e1b4000 	C:\Windows\System32\SHELL32.dll
0x00007ffb79c40000 - 0x00007ffb7a3d2000 	C:\Windows\SYSTEM32\windows.storage.dll
0x00007ffb7d410000 - 0x00007ffb7d765000 	C:\Windows\System32\combase.dll
0x00007ffb7b4e0000 - 0x00007ffb7b510000 	C:\Windows\SYSTEM32\Wldp.dll
0x00007ffb7cec0000 - 0x00007ffb7cf6d000 	C:\Windows\System32\SHCORE.dll
0x00007ffb7d1a0000 - 0x00007ffb7d1f5000 	C:\Windows\System32\shlwapi.dll
0x00007ffb7baa0000 - 0x00007ffb7babf000 	C:\Windows\SYSTEM32\profapi.dll
0x00007ffb64560000 - 0x00007ffb64579000 	C:\Program Files\Java\jdk-11.0.14\bin\net.dll
0x00007ffb73650000 - 0x00007ffb7375c000 	C:\Windows\SYSTEM32\WINHTTP.dll
0x00007ffb7b240000 - 0x00007ffb7b2aa000 	C:\Windows\system32\mswsock.dll
0x00007ffb63e10000 - 0x00007ffb63e22000 	C:\Program Files\Java\jdk-11.0.14\bin\nio.dll
0x00007ffb6c830000 - 0x00007ffb6c839000 	C:\Program Files\Java\jdk-11.0.14\bin\management.dll
0x00007ffb64a40000 - 0x00007ffb64a4b000 	C:\Program Files\Java\jdk-11.0.14\bin\management_ext.dll
0x00007ffb36e50000 - 0x00007ffb36e67000 	C:\Windows\system32\napinsp.dll
0x00007ffb36e30000 - 0x00007ffb36e4b000 	C:\Windows\system32\pnrpnsp.dll
0x00007ffb4a340000 - 0x00007ffb4a355000 	C:\Windows\system32\wshbth.dll
0x00007ffb77570000 - 0x00007ffb7758d000 	C:\Windows\system32\NLAapi.dll
0x00007ffb7af30000 - 0x00007ffb7af6b000 	C:\Windows\SYSTEM32\IPHLPAPI.DLL
0x00007ffb7af70000 - 0x00007ffb7b03a000 	C:\Windows\SYSTEM32\DNSAPI.dll
0x00007ffb7d780000 - 0x00007ffb7d788000 	C:\Windows\System32\NSI.dll
0x00007ffb36e10000 - 0x00007ffb36e22000 	C:\Windows\System32\winrnr.dll
0x00007ffb6f1d0000 - 0x00007ffb6f1da000 	C:\Windows\System32\rasadhlp.dll
0x00007ffb6ffd0000 - 0x00007ffb70050000 	C:\Windows\System32\fwpuclnt.dll
0x00007ffb7c0f0000 - 0x00007ffb7c117000 	C:\Windows\System32\bcrypt.dll
0x00007ffb7b430000 - 0x00007ffb7b448000 	C:\Windows\SYSTEM32\CRYPTSP.dll
0x00007ffb7ab60000 - 0x00007ffb7ab94000 	C:\Windows\system32\rsaenh.dll
0x00007ffb7ba60000 - 0x00007ffb7ba8e000 	C:\Windows\SYSTEM32\USERENV.dll
0x00007ffb7b450000 - 0x00007ffb7b45c000 	C:\Windows\SYSTEM32\CRYPTBASE.dll
0x00007ffb73ed0000 - 0x00007ffb73ee7000 	C:\Windows\SYSTEM32\dhcpcsvc6.DLL
0x00007ffb743f0000 - 0x00007ffb7440d000 	C:\Windows\SYSTEM32\dhcpcsvc.DLL

dbghelp: loaded successfully - version: 4.0.5 - missing functions: none
symbol engine: initialized successfully - sym options: 0x614 - pdb path: .;C:\Program Files\Java\jdk-11.0.14\bin;C:\Windows\SYSTEM32;C:\Windows\WinSxS\amd64_microsoft.windows.common-controls_6595b64144ccf1df_6.0.19041.1110_none_60b5254171f9507e;C:\Program Files\Java\jdk-11.0.14\bin\server

VM Arguments:
jvm_args: -Dcom.sun.management.jmxremote -Dcom.sun.management.jmxremote.port=63795 -Dcom.sun.management.jmxremote.authenticate=false -Dcom.sun.management.jmxremote.ssl=false -Djava.rmi.server.hostname=localhost -Dspring.jmx.enabled=true -Dspring.application.admin.enabled=true -XX:TieredStopAtLevel=1 -Dspring.boot.project.name=Spring-Hotel -Dfile.encoding=UTF-8 
java_command: com.registro.usuarios.RegistroUsuariosSpringSecurityApplication
java_class_path (initial): G:\Trabajos Eclipse\ProyectoHotel\registro-usuarios-spring\registro-usuarios-spring-security\target\classes;C:\Users\che\.m2\repository\org\springframework\boot\spring-boot-starter-data-jpa\2.5.7\spring-boot-starter-data-jpa-2.5.7.jar;C:\Users\che\.m2\repository\org\springframework\boot\spring-boot-starter-aop\2.5.7\spring-boot-starter-aop-2.5.7.jar;C:\Users\che\.m2\repository\org\aspectj\aspectjweaver\1.9.7\aspectjweaver-1.9.7.jar;C:\Users\che\.m2\repository\org\springframework\boot\spring-boot-starter-jdbc\2.5.7\spring-boot-starter-jdbc-2.5.7.jar;C:\Users\che\.m2\repository\com\zaxxer\HikariCP\4.0.3\HikariCP-4.0.3.jar;C:\Users\che\.m2\repository\org\springframework\spring-jdbc\5.3.13\spring-jdbc-5.3.13.jar;C:\Users\che\.m2\repository\jakarta\transaction\jakarta.transaction-api\1.3.3\jakarta.transaction-api-1.3.3.jar;C:\Users\che\.m2\repository\jakarta\persistence\jakarta.persistence-api\2.2.3\jakarta.persistence-api-2.2.3.jar;C:\Users\che\.m2\repository\org\hibernate\hibernate-core\5.4.32.Final\hibernate-core-5.4.32.Final.jar;C:\Users\che\.m2\repository\org\jboss\logging\jboss-logging\3.4.2.Final\jboss-logging-3.4.2.Final.jar;C:\Users\che\.m2\repository\org\javassist\javassist\3.27.0-GA\javassist-3.27.0-GA.jar;C:\Users\che\.m2\repository\net\bytebuddy\byte-buddy\1.10.22\byte-buddy-1.10.22.jar;C:\Users\che\.m2\repository\antlr\antlr\2.7.7\antlr-2.7.7.jar;C:\Users\che\.m2\repository\org\jboss\jandex\2.2.3.Final\jandex-2.2.3.Final.jar;C:\Users\che\.m2\repository\com\fasterxml\classmate\1.5.1\classmate-1.5.1.jar;C:\Users\che\.m2\repository\org\dom4j\dom4j\2.1.3\dom4j-2.1.3.jar;C:\Users\che\.m2\repository\org\hibernate\common\hibernate-commons-annotations\5.1.2.Final\hibernate-commons-annotations-5.1.2.Final.jar;C:\Users\che\.m2\repository\org\glassfish\jaxb\jaxb-runtime\2.3.5\jaxb-runtime-2.3.5.jar;C:\Users\che\.m2\repository\org\glassfish\jaxb\txw2\2.3.5\txw2-2.3.5.jar;C:\Users\che\.m2\repository\com\sun\istack\istack-commons-runtime\3.0.
Launcher Type: SUN_STANDARD

[Global flags]
     intx CICompilerCount                          = 3                                         {product} {ergonomic}
     uint ConcGCThreads                            = 1                                         {product} {ergonomic}
     uint G1ConcRefinementThreads                  = 4                                         {product} {ergonomic}
   size_t G1HeapRegionSize                         = 1048576                                   {product} {ergonomic}
    uintx GCDrainStackTargetSize                   = 64                                        {product} {ergonomic}
   size_t InitialHeapSize                          = 134217728                                 {product} {ergonomic}
     bool ManagementServer                         = true                                      {product} {command line}
   size_t MarkStackSize                            = 4194304                                   {product} {ergonomic}
   size_t MaxHeapSize                              = 2136997888                                {product} {ergonomic}
   size_t MaxNewSize                               = 1281359872                                {product} {ergonomic}
   size_t MinHeapDeltaBytes                        = 1048576                                   {product} {ergonomic}
    uintx NonNMethodCodeHeapSize                   = 6973028                                {pd product} {ergonomic}
    uintx NonProfiledCodeHeapSize                  = 244685212                              {pd product} {ergonomic}
    uintx ProfiledCodeHeapSize                     = 0                                      {pd product} {ergonomic}
    uintx ReservedCodeCacheSize                    = 251658240                              {pd product} {ergonomic}
     bool SegmentedCodeCache                       = true                                      {product} {ergonomic}
     intx TieredStopAtLevel                        = 1                                         {product} {command line}
     bool UseCompressedClassPointers               = true                                 {lp64_product} {ergonomic}
     bool UseCompressedOops                        = true                                 {lp64_product} {ergonomic}
     bool UseG1GC                                  = true                                      {product} {ergonomic}
     bool UseLargePagesIndividualAllocation        = false                                  {pd product} {ergonomic}

Logging:
Log output configuration:
 #0: stdout all=warning uptime,level,tags
 #1: stderr all=off uptime,level,tags

Environment Variables:
JAVA_HOME=C:\Program Files\Java\jdk1.8.0_141
PATH=C:/Program Files/Java/jdk-11.0.14/bin/server;C:/Program Files/Java/jdk-11.0.14/bin;C:\Program Files\Common Files\Oracle\Java\javapath;C:\Program Files (x86)\Common Files\Oracle\Java\javapath;C:\Windows\system32;C:\Windows;C:\Windows\System32\Wbem;C:\Windows\System32\WindowsPowerShell\v1.0\;C:\Windows\System32\OpenSSH\;C:\Program Files\apache-maven-3.8.5\bin;C:\Program Files\Microsoft SQL Server\150\Tools\Binn\;C:\Program Files\Microsoft SQL Server\Client SDK\ODBC\170\Tools\Binn\;C:\Program Files (x86)\Microsoft SQL Server\150\DTS\Binn\;F:\;C:\Program Files\nodejs\;C:\Program Files\Git\cmd;C:\Program Files (x86)\NVIDIA Corporation\PhysX\Common;C:\Program Files (x86)\Microsoft SQL Server\150\Tools\Binn\;C:\Program Files\Microsoft SQL Server\150\DTS\Binn\;C:\Program Files\Microsoft SQL Server\160\DTS\Binn\;C:\Program Files\dotnet\;C:\Users\che\AppData\Local\Microsoft\WindowsApps;C:\Users\che\AppData\Local\Programs\Microsoft VS Code\bin;C:\Program Files\Azure Data Studio\bin;C:\Users\che\AppData\Roaming\npm;F:\Intellij IDEA\IntelliJ IDEA Community Edition 2022.2.1\bin;;C:\Users\che\.dotnet\tools;C:\Windows\System32;
USERNAME=che
OS=Windows_NT
PROCESSOR_IDENTIFIER=Intel64 Family 6 Model 158 Stepping 9, GenuineIntel



---------------  S Y S T E M  ---------------

OS: Windows 10 , 64 bit Build 19041 (10.0.19041.2364)

CPU:total 4 (initial active 4) (4 cores per cpu, 1 threads per core) family 6 model 158 stepping 9 microcode 0xb4, cmov, cx8, fxsr, mmx, sse, sse2, sse3, ssse3, sse4.1, sse4.2, popcnt, avx, avx2, aes, clmul, erms, 3dnowpref, lzcnt, tsc, tscinvbit, bmi1, bmi2, adx, fma

Memory: 4k page, system-wide physical 8151M (1289M free)
TotalPageFile size 10199M (AvailPageFile size 38M)
current process WorkingSet (physical memory assigned to process): 237M, peak: 237M
current process commit charge ("private bytes"): 310M, peak: 343M

vm_info: Java HotSpot(TM) 64-Bit Server VM (11.0.14+8-LTS-263) for windows-amd64 JRE (11.0.14+8-LTS-263), built on Dec  7 2021 21:53:57 by "mach5one" with MS VC++ 15.9 (VS2017)

END.
