#
# There is insufficient memory for the Java Runtime Environment to continue.
# Native memory allocation (mmap) failed to map 32505856 bytes for Failed to commit area from 0x000000008a400000 to 0x000000008c300000 of length 32505856.
# Possible reasons:
#   The system is out of physical RAM or swap space
#   The process is running with CompressedOops enabled, and the Java Heap may be blocking the growth of the native heap
# Possible solutions:
#   Reduce memory load on the system
#   Increase physical memory or swap space
#   Check if swap backing store is full
#   Decrease Java heap size (-Xmx/-Xms)
#   Decrease number of Java threads
#   Decrease Java thread stack sizes (-Xss)
#   Set larger code cache with -XX:ReservedCodeCacheSize=
#   JVM is running with Unscaled Compressed Oops mode in which the Java heap is
#     placed in the first 4GB address space. The Java Heap base address is the
#     maximum limit for the native heap growth. Please use -XX:HeapBaseMinAddress
#     to set the Java Heap base and to place the Java Heap above 4GB virtual address.
# This output file may be truncated or incomplete.
#
#  Out of Memory Error (./open/src/hotspot/os/windows/os_windows.cpp:3284), pid=11680, tid=7908
#
# JRE version: Java(TM) SE Runtime Environment 18.9 (11.0.14+8) (build 11.0.14+8-LTS-263)
# Java VM: Java HotSpot(TM) 64-Bit Server VM 18.9 (11.0.14+8-LTS-263, mixed mode, tiered, compressed oops, g1 gc, windows-amd64)
# No core dump will be written. Minidumps are not enabled by default on client versions of Windows
#

---------------  S U M M A R Y ------------

Command Line: -Dcom.sun.management.jmxremote -Dcom.sun.management.jmxremote.port=52288 -Dcom.sun.management.jmxremote.authenticate=false -Dcom.sun.management.jmxremote.ssl=false -Djava.rmi.server.hostname=localhost -Dspring.jmx.enabled=true -Dspring.application.admin.enabled=true -XX:TieredStopAtLevel=1 -Dspring.boot.project.name=Spring-Hotel -Dfile.encoding=UTF-8 com.registro.usuarios.RegistroUsuariosSpringSecurityApplication

Host: Intel(R) Core(TM) i5-7400 CPU @ 3.00GHz, 4 cores, 7G,  Windows 10 , 64 bit Build 19041 (10.0.19041.2251)
Time: Fri Dec  2 22:25:11 2022 Hora est. Pacífico, Sudamérica elapsed time: 3.975044 seconds (0d 0h 0m 3s)

---------------  T H R E A D  ---------------

Current thread (0x00000135fe218800):  VMThread "VM Thread" [stack: 0x0000001fc3b00000,0x0000001fc3c00000] [id=7908]

Stack: [0x0000001fc3b00000,0x0000001fc3c00000]
[error occurred during error reporting (printing stack bounds), id 0xc0000005, EXCEPTION_ACCESS_VIOLATION (0xc0000005) at pc=0x0000013580000f2d]

Native frames: (J=compiled Java code, j=interpreted, Vv=VM code, C=native code)
V  [jvm.dll+0x6296da]
V  [jvm.dll+0x76323f]
V  [jvm.dll+0x7648e9]
V  [jvm.dll+0x764ed5]
V  [jvm.dll+0x764e8b]
V  [jvm.dll+0x628c23]
V  [jvm.dll+0x6292d8]
C  [ntdll.dll+0xa241f]
C  [ntdll.dll+0x514a4]
C  [ntdll.dll+0xa0f4e]
C  0x0000013580000f2d

VM_Operation (0x0000001fc4cf8230): CollectForMetadataAllocation, mode: safepoint, requested by thread 0x00000135ff798800


---------------  P R O C E S S  ---------------

Threads class SMR info:
_java_thread_list=0x000001358fcdd790, length=24, elements={
0x00000135efb17000, 0x00000135fe23d000, 0x00000135fe246000, 0x00000135febe2800,
0x00000135febe3000, 0x00000135fe257000, 0x00000135fe269000, 0x00000135fe26c800,
0x00000135efbee000, 0x00000135ff331000, 0x00000135ff333800, 0x00000135ff39d000,
0x00000135ff775800, 0x00000135ff798800, 0x000001358f46a000, 0x000001358f47a000,
0x000001358f44d800, 0x000001358f4e7800, 0x000001358fbb0800, 0x000001358fbb0000,
0x000001358fbaf000, 0x000001358fbb1800, 0x000001358fbb3000, 0x000001358fbb2800
}

Java Threads: ( => current thread )
  0x00000135efb17000 JavaThread "main" [_thread_blocked, id=10204, stack(0x0000001fc3500000,0x0000001fc3600000)]
  0x00000135fe23d000 JavaThread "Reference Handler" daemon [_thread_blocked, id=12436, stack(0x0000001fc3c00000,0x0000001fc3d00000)]
  0x00000135fe246000 JavaThread "Finalizer" daemon [_thread_blocked, id=11888, stack(0x0000001fc3d00000,0x0000001fc3e00000)]
  0x00000135febe2800 JavaThread "Signal Dispatcher" daemon [_thread_blocked, id=12352, stack(0x0000001fc3e00000,0x0000001fc3f00000)]
  0x00000135febe3000 JavaThread "Attach Listener" daemon [_thread_blocked, id=7608, stack(0x0000001fc3f00000,0x0000001fc4000000)]
  0x00000135fe257000 JavaThread "Service Thread" daemon [_thread_blocked, id=2800, stack(0x0000001fc4000000,0x0000001fc4100000)]
  0x00000135fe269000 JavaThread "C1 CompilerThread0" daemon [_thread_blocked, id=6648, stack(0x0000001fc4100000,0x0000001fc4200000)]
  0x00000135fe26c800 JavaThread "Sweeper thread" daemon [_thread_blocked, id=8128, stack(0x0000001fc4200000,0x0000001fc4300000)]
  0x00000135efbee000 JavaThread "Common-Cleaner" daemon [_thread_blocked, id=6592, stack(0x0000001fc4300000,0x0000001fc4400000)]
  0x00000135ff331000 JavaThread "RMI TCP Accept-0" daemon [_thread_in_native, id=13112, stack(0x0000001fc4400000,0x0000001fc4500000)]
  0x00000135ff333800 JavaThread "RMI TCP Accept-52288" daemon [_thread_in_native, id=9068, stack(0x0000001fc4500000,0x0000001fc4600000)]
  0x00000135ff39d000 JavaThread "RMI TCP Accept-0" daemon [_thread_in_native, id=8568, stack(0x0000001fc4600000,0x0000001fc4700000)]
  0x00000135ff775800 JavaThread "Thread-0" [_thread_blocked, id=10488, stack(0x0000001fc4b00000,0x0000001fc4c00000)]
  0x00000135ff798800 JavaThread "restartedMain" [_thread_blocked, id=11652, stack(0x0000001fc4c00000,0x0000001fc4d00000)]
  0x000001358f46a000 JavaThread "RMI TCP Connection(1)-127.0.0.1" daemon [_thread_in_native, id=1468, stack(0x0000001fc4d00000,0x0000001fc4e00000)]
  0x000001358f47a000 JavaThread "RMI TCP Connection(2)-127.0.0.1" daemon [_thread_blocked, id=11396, stack(0x0000001fc4e00000,0x0000001fc4f00000)]
  0x000001358f44d800 JavaThread "RMI Scheduler(0)" daemon [_thread_blocked, id=5772, stack(0x0000001fc4f00000,0x0000001fc5000000)]
  0x000001358f4e7800 JavaThread "JMX server connection timeout 22" daemon [_thread_blocked, id=248, stack(0x0000001fc5100000,0x0000001fc5200000)]
  0x000001358fbb0800 JavaThread "Catalina-utility-1" [_thread_blocked, id=3048, stack(0x0000001fc5200000,0x0000001fc5300000)]
  0x000001358fbb0000 JavaThread "Catalina-utility-2" [_thread_blocked, id=10880, stack(0x0000001fc5300000,0x0000001fc5400000)]
  0x000001358fbaf000 JavaThread "container-0" [_thread_blocked, id=8880, stack(0x0000001fc5400000,0x0000001fc5500000)]
  0x000001358fbb1800 JavaThread "mysql-cj-abandoned-connection-cleanup" daemon [_thread_blocked, id=9904, stack(0x0000001fc5500000,0x0000001fc5600000)]
  0x000001358fbb3000 JavaThread "HikariPool-1 housekeeper" daemon [_thread_blocked, id=7560, stack(0x0000001fc5700000,0x0000001fc5800000)]
  0x000001358fbb2800 JavaThread "HikariPool-1 connection adder" daemon [_thread_blocked, id=10160, stack(0x0000001fc5800000,0x0000001fc5900000)]

Other Threads:
=>0x00000135fe218800 VMThread "VM Thread" [stack: 0x0000001fc3b00000,0x0000001fc3c00000] [id=7908]
  0x00000135ff39f000 WatcherThread [stack: 0x0000001fc4700000,0x0000001fc4800000] [id=1120]
  0x00000135efb2b800 GCTaskThread "GC Thread#0" [stack: 0x0000001fc3600000,0x0000001fc3700000] [id=10900]
  0x00000135ff3e6000 GCTaskThread "GC Thread#1" [stack: 0x0000001fc4800000,0x0000001fc4900000] [id=5724]
  0x00000135ff3e7000 GCTaskThread "GC Thread#2" [stack: 0x0000001fc4900000,0x0000001fc4a00000] [id=3212]
  0x000001358f473000 GCTaskThread "GC Thread#3" [stack: 0x0000001fc5000000,0x0000001fc5100000] [id=1996]
  0x00000135efb5f000 ConcurrentGCThread "G1 Main Marker" [stack: 0x0000001fc3700000,0x0000001fc3800000] [id=4684]
  0x00000135efb60800 ConcurrentGCThread "G1 Conc#0" [stack: 0x0000001fc3800000,0x0000001fc3900000] [id=8312]
  0x00000135efbe4800 ConcurrentGCThread "G1 Refine#0" [stack: 0x0000001fc3900000,0x0000001fc3a00000] [id=13040]
  0x00000135fee5d800 ConcurrentGCThread "G1 Refine#1" [stack: 0x0000001fc4a00000,0x0000001fc4b00000] [id=10844]
  0x00000135fe090800 ConcurrentGCThread "G1 Young RemSet Sampling" [stack: 0x0000001fc3a00000,0x0000001fc3b00000] [id=3884]

Threads with active compile tasks:

VM state:at safepoint (normal execution)

VM Mutex/Monitor currently owned by a thread:  ([mutex/lock_event])
[0x00000135efb12270] Threads_lock - owner thread: 0x00000135fe218800
[0x00000135efb12540] Heap_lock - owner thread: 0x00000135ff798800

Heap address: 0x0000000080a00000, size: 2038 MB, Compressed Oops mode: 32-bit
Narrow klass base: 0x0000000000000000, Narrow klass shift: 3
Compressed class space size: 1073741824 Address: 0x0000000100000000

Heap:
 garbage-first heap   total 189440K, used 27173K [0x0000000080a00000, 0x0000000100000000)
  region size 1024K, 7 young (7168K), 7 survivors (7168K)
 Metaspace       used 58199K, capacity 59820K, committed 59948K, reserved 1101824K
  class space    used 7853K, capacity 8517K, committed 8576K, reserved 1048576K
Heap Regions: E=young(eden), S=young(survivor), O=old, HS=humongous(starts), HC=humongous(continues), CS=collection set, F=free, A=archive, TAMS=top-at-mark-start (previous, next)
|   0|0x0000000080a00000, 0x0000000080b00000, 0x0000000080b00000|100%|HS|  |TAMS 0x0000000080b00000, 0x0000000080b00000| Complete 
|   1|0x0000000080b00000, 0x0000000080c00000, 0x0000000080c00000|100%| O|  |TAMS 0x0000000080c00000, 0x0000000080c00000| Untracked 
|   2|0x0000000080c00000, 0x0000000080d00000, 0x0000000080d00000|100%| O|  |TAMS 0x0000000080d00000, 0x0000000080d00000| Untracked 
|   3|0x0000000080d00000, 0x0000000080e00000, 0x0000000080e00000|100%| O|  |TAMS 0x0000000080e00000, 0x0000000080e00000| Untracked 
|   4|0x0000000080e00000, 0x0000000080f00000, 0x0000000080f00000|100%| O|  |TAMS 0x0000000080f00000, 0x0000000080f00000| Untracked 
|   5|0x0000000080f00000, 0x0000000081000000, 0x0000000081000000|100%| O|  |TAMS 0x0000000081000000, 0x0000000081000000| Untracked 
|   6|0x0000000081000000, 0x0000000081100000, 0x0000000081100000|100%| O|  |TAMS 0x0000000081100000, 0x0000000081100000| Untracked 
|   7|0x0000000081100000, 0x0000000081200000, 0x0000000081200000|100%| O|  |TAMS 0x0000000081200000, 0x0000000081200000| Untracked 
|   8|0x0000000081200000, 0x0000000081300000, 0x0000000081300000|100%| O|  |TAMS 0x0000000081238200, 0x0000000081300000| Untracked 
|   9|0x0000000081300000, 0x0000000081400000, 0x0000000081400000|100%| O|  |TAMS 0x0000000081300000, 0x0000000081400000| Untracked 
|  10|0x0000000081400000, 0x0000000081500000, 0x0000000081500000|100%| O|  |TAMS 0x0000000081400000, 0x0000000081500000| Untracked 
|  11|0x0000000081500000, 0x0000000081600000, 0x0000000081600000|100%| O|  |TAMS 0x0000000081500000, 0x0000000081600000| Untracked 
|  12|0x0000000081600000, 0x0000000081700000, 0x0000000081700000|100%| O|  |TAMS 0x0000000081600000, 0x0000000081700000| Untracked 
|  13|0x0000000081700000, 0x0000000081800000, 0x0000000081800000|100%| O|  |TAMS 0x0000000081700000, 0x0000000081800000| Untracked 
|  14|0x0000000081800000, 0x0000000081900000, 0x0000000081900000|100%| O|  |TAMS 0x0000000081800000, 0x0000000081900000| Untracked 
|  15|0x0000000081900000, 0x0000000081a00000, 0x0000000081a00000|100%| O|  |TAMS 0x0000000081900000, 0x0000000081a00000| Untracked 
|  16|0x0000000081a00000, 0x0000000081b00000, 0x0000000081b00000|100%| O|  |TAMS 0x0000000081a00000, 0x0000000081b00000| Untracked 
|  17|0x0000000081b00000, 0x0000000081c00000, 0x0000000081c00000|100%| O|  |TAMS 0x0000000081b00000, 0x0000000081c00000| Untracked 
|  18|0x0000000081c00000, 0x0000000081d00000, 0x0000000081d00000|100%| O|  |TAMS 0x0000000081c00000, 0x0000000081d00000| Untracked 
|  19|0x0000000081d00000, 0x0000000081e00000, 0x0000000081e00000|100%| O|  |TAMS 0x0000000081d00000, 0x0000000081e00000| Untracked 
|  20|0x0000000081e00000, 0x0000000081e22800, 0x0000000081f00000| 13%| O|  |TAMS 0x0000000081e00000, 0x0000000081e22800| Untracked 
|  21|0x0000000081f00000, 0x0000000081f00000, 0x0000000082000000|  0%| F|  |TAMS 0x0000000081f00000, 0x0000000081f00000| Untracked 
|  22|0x0000000082000000, 0x0000000082000000, 0x0000000082100000|  0%| F|  |TAMS 0x0000000082000000, 0x0000000082000000| Untracked 
|  23|0x0000000082100000, 0x0000000082100000, 0x0000000082200000|  0%| F|  |TAMS 0x0000000082100000, 0x0000000082100000| Untracked 
|  24|0x0000000082200000, 0x0000000082200000, 0x0000000082300000|  0%| F|  |TAMS 0x0000000082200000, 0x0000000082200000| Untracked 
|  25|0x0000000082300000, 0x0000000082300000, 0x0000000082400000|  0%| F|  |TAMS 0x0000000082300000, 0x0000000082300000| Untracked 
|  26|0x0000000082400000, 0x0000000082400000, 0x0000000082500000|  0%| F|  |TAMS 0x0000000082400000, 0x0000000082400000| Untracked 
|  27|0x0000000082500000, 0x0000000082500000, 0x0000000082600000|  0%| F|  |TAMS 0x0000000082500000, 0x0000000082500000| Untracked 
|  28|0x0000000082600000, 0x0000000082600000, 0x0000000082700000|  0%| F|  |TAMS 0x0000000082600000, 0x0000000082600000| Untracked 
|  29|0x0000000082700000, 0x0000000082700000, 0x0000000082800000|  0%| F|  |TAMS 0x0000000082700000, 0x0000000082700000| Untracked 
|  30|0x0000000082800000, 0x0000000082800000, 0x0000000082900000|  0%| F|  |TAMS 0x0000000082800000, 0x0000000082800000| Untracked 
|  31|0x0000000082900000, 0x0000000082900000, 0x0000000082a00000|  0%| F|  |TAMS 0x0000000082900000, 0x0000000082900000| Untracked 
|  32|0x0000000082a00000, 0x0000000082a00000, 0x0000000082b00000|  0%| F|  |TAMS 0x0000000082a00000, 0x0000000082a00000| Untracked 
|  33|0x0000000082b00000, 0x0000000082b00000, 0x0000000082c00000|  0%| F|  |TAMS 0x0000000082b00000, 0x0000000082b00000| Untracked 
|  34|0x0000000082c00000, 0x0000000082c00000, 0x0000000082d00000|  0%| F|  |TAMS 0x0000000082c00000, 0x0000000082c00000| Untracked 
|  35|0x0000000082d00000, 0x0000000082d00000, 0x0000000082e00000|  0%| F|  |TAMS 0x0000000082d00000, 0x0000000082d00000| Untracked 
|  36|0x0000000082e00000, 0x0000000082e00000, 0x0000000082f00000|  0%| F|  |TAMS 0x0000000082e00000, 0x0000000082e00000| Untracked 
|  37|0x0000000082f00000, 0x0000000082f00000, 0x0000000083000000|  0%| F|  |TAMS 0x0000000082f00000, 0x0000000082f00000| Untracked 
|  38|0x0000000083000000, 0x0000000083000000, 0x0000000083100000|  0%| F|  |TAMS 0x0000000083000000, 0x0000000083000000| Untracked 
|  39|0x0000000083100000, 0x0000000083100000, 0x0000000083200000|  0%| F|  |TAMS 0x0000000083100000, 0x0000000083100000| Untracked 
|  40|0x0000000083200000, 0x0000000083200000, 0x0000000083300000|  0%| F|  |TAMS 0x0000000083200000, 0x0000000083200000| Untracked 
|  41|0x0000000083300000, 0x0000000083300000, 0x0000000083400000|  0%| F|  |TAMS 0x0000000083300000, 0x0000000083300000| Untracked 
|  42|0x0000000083400000, 0x0000000083400000, 0x0000000083500000|  0%| F|  |TAMS 0x0000000083400000, 0x0000000083400000| Untracked 
|  43|0x0000000083500000, 0x0000000083500000, 0x0000000083600000|  0%| F|  |TAMS 0x0000000083500000, 0x0000000083500000| Untracked 
|  44|0x0000000083600000, 0x0000000083600000, 0x0000000083700000|  0%| F|  |TAMS 0x0000000083600000, 0x0000000083600000| Untracked 
|  45|0x0000000083700000, 0x0000000083700000, 0x0000000083800000|  0%| F|  |TAMS 0x0000000083700000, 0x0000000083700000| Untracked 
|  46|0x0000000083800000, 0x0000000083800000, 0x0000000083900000|  0%| F|  |TAMS 0x0000000083800000, 0x0000000083800000| Untracked 
|  47|0x0000000083900000, 0x0000000083900000, 0x0000000083a00000|  0%| F|  |TAMS 0x0000000083900000, 0x0000000083900000| Untracked 
|  48|0x0000000083a00000, 0x0000000083a00000, 0x0000000083b00000|  0%| F|  |TAMS 0x0000000083a00000, 0x0000000083a00000| Untracked 
|  49|0x0000000083b00000, 0x0000000083b00000, 0x0000000083c00000|  0%| F|  |TAMS 0x0000000083b00000, 0x0000000083b00000| Untracked 
|  50|0x0000000083c00000, 0x0000000083c00000, 0x0000000083d00000|  0%| F|  |TAMS 0x0000000083c00000, 0x0000000083c00000| Untracked 
|  51|0x0000000083d00000, 0x0000000083d00000, 0x0000000083e00000|  0%| F|  |TAMS 0x0000000083d00000, 0x0000000083d00000| Untracked 
|  52|0x0000000083e00000, 0x0000000083e00000, 0x0000000083f00000|  0%| F|  |TAMS 0x0000000083e00000, 0x0000000083e00000| Untracked 
|  53|0x0000000083f00000, 0x0000000083f00000, 0x0000000084000000|  0%| F|  |TAMS 0x0000000083f00000, 0x0000000083f00000| Untracked 
|  54|0x0000000084000000, 0x0000000084000000, 0x0000000084100000|  0%| F|  |TAMS 0x0000000084000000, 0x0000000084000000| Untracked 
|  55|0x0000000084100000, 0x0000000084100000, 0x0000000084200000|  0%| F|  |TAMS 0x0000000084100000, 0x0000000084100000| Untracked 
|  56|0x0000000084200000, 0x0000000084200000, 0x0000000084300000|  0%| F|  |TAMS 0x0000000084200000, 0x0000000084200000| Untracked 
|  57|0x0000000084300000, 0x0000000084300000, 0x0000000084400000|  0%| F|  |TAMS 0x0000000084300000, 0x0000000084300000| Untracked 
|  58|0x0000000084400000, 0x0000000084400000, 0x0000000084500000|  0%| F|  |TAMS 0x0000000084400000, 0x0000000084400000| Untracked 
|  59|0x0000000084500000, 0x0000000084500000, 0x0000000084600000|  0%| F|  |TAMS 0x0000000084500000, 0x0000000084500000| Untracked 
|  60|0x0000000084600000, 0x0000000084600000, 0x0000000084700000|  0%| F|  |TAMS 0x0000000084600000, 0x0000000084600000| Untracked 
|  61|0x0000000084700000, 0x0000000084700000, 0x0000000084800000|  0%| F|  |TAMS 0x0000000084700000, 0x0000000084700000| Untracked 
|  62|0x0000000084800000, 0x0000000084800000, 0x0000000084900000|  0%| F|  |TAMS 0x0000000084800000, 0x0000000084800000| Untracked 
|  63|0x0000000084900000, 0x0000000084900000, 0x0000000084a00000|  0%| F|  |TAMS 0x0000000084900000, 0x0000000084900000| Untracked 
|  64|0x0000000084a00000, 0x0000000084a00000, 0x0000000084b00000|  0%| F|  |TAMS 0x0000000084a00000, 0x0000000084a00000| Untracked 
|  65|0x0000000084b00000, 0x0000000084b00000, 0x0000000084c00000|  0%| F|  |TAMS 0x0000000084b00000, 0x0000000084b00000| Untracked 
|  66|0x0000000084c00000, 0x0000000084c00000, 0x0000000084d00000|  0%| F|  |TAMS 0x0000000084c00000, 0x0000000084c00000| Untracked 
|  67|0x0000000084d00000, 0x0000000084d00000, 0x0000000084e00000|  0%| F|  |TAMS 0x0000000084d00000, 0x0000000084d00000| Untracked 
|  68|0x0000000084e00000, 0x0000000084e00000, 0x0000000084f00000|  0%| F|  |TAMS 0x0000000084e00000, 0x0000000084e00000| Untracked 
|  69|0x0000000084f00000, 0x0000000084f00000, 0x0000000085000000|  0%| F|  |TAMS 0x0000000084f00000, 0x0000000084f00000| Untracked 
|  70|0x0000000085000000, 0x0000000085000000, 0x0000000085100000|  0%| F|  |TAMS 0x0000000085000000, 0x0000000085000000| Untracked 
|  71|0x0000000085100000, 0x0000000085100000, 0x0000000085200000|  0%| F|  |TAMS 0x0000000085100000, 0x0000000085100000| Untracked 
|  72|0x0000000085200000, 0x0000000085200000, 0x0000000085300000|  0%| F|  |TAMS 0x0000000085200000, 0x0000000085200000| Untracked 
|  73|0x0000000085300000, 0x0000000085300000, 0x0000000085400000|  0%| F|  |TAMS 0x0000000085300000, 0x0000000085300000| Untracked 
|  74|0x0000000085400000, 0x0000000085400000, 0x0000000085500000|  0%| F|  |TAMS 0x0000000085400000, 0x0000000085400000| Untracked 
|  75|0x0000000085500000, 0x0000000085500000, 0x0000000085600000|  0%| F|  |TAMS 0x0000000085500000, 0x0000000085500000| Untracked 
|  76|0x0000000085600000, 0x0000000085600000, 0x0000000085700000|  0%| F|  |TAMS 0x0000000085600000, 0x0000000085600000| Untracked 
|  77|0x0000000085700000, 0x0000000085700000, 0x0000000085800000|  0%| F|  |TAMS 0x0000000085700000, 0x0000000085700000| Untracked 
|  78|0x0000000085800000, 0x0000000085800000, 0x0000000085900000|  0%| F|  |TAMS 0x0000000085800000, 0x0000000085800000| Untracked 
|  79|0x0000000085900000, 0x0000000085900000, 0x0000000085a00000|  0%| F|  |TAMS 0x0000000085900000, 0x0000000085900000| Untracked 
|  80|0x0000000085a00000, 0x0000000085a00000, 0x0000000085b00000|  0%| F|  |TAMS 0x0000000085a00000, 0x0000000085a00000| Untracked 
|  81|0x0000000085b00000, 0x0000000085b00000, 0x0000000085c00000|  0%| F|  |TAMS 0x0000000085b00000, 0x0000000085b00000| Untracked 
|  82|0x0000000085c00000, 0x0000000085c00000, 0x0000000085d00000|  0%| F|  |TAMS 0x0000000085c00000, 0x0000000085c00000| Untracked 
|  83|0x0000000085d00000, 0x0000000085d00000, 0x0000000085e00000|  0%| F|  |TAMS 0x0000000085d00000, 0x0000000085d00000| Untracked 
|  84|0x0000000085e00000, 0x0000000085e00000, 0x0000000085f00000|  0%| F|  |TAMS 0x0000000085e00000, 0x0000000085e00000| Untracked 
|  85|0x0000000085f00000, 0x0000000085f00000, 0x0000000086000000|  0%| F|  |TAMS 0x0000000085f00000, 0x0000000085f00000| Untracked 
|  86|0x0000000086000000, 0x0000000086000000, 0x0000000086100000|  0%| F|  |TAMS 0x0000000086000000, 0x0000000086000000| Untracked 
|  87|0x0000000086100000, 0x0000000086100000, 0x0000000086200000|  0%| F|  |TAMS 0x0000000086100000, 0x0000000086100000| Untracked 
|  88|0x0000000086200000, 0x0000000086200000, 0x0000000086300000|  0%| F|  |TAMS 0x0000000086200000, 0x0000000086200000| Untracked 
|  89|0x0000000086300000, 0x0000000086300000, 0x0000000086400000|  0%| F|  |TAMS 0x0000000086300000, 0x0000000086300000| Untracked 
|  90|0x0000000086400000, 0x0000000086400000, 0x0000000086500000|  0%| F|  |TAMS 0x0000000086400000, 0x0000000086400000| Untracked 
|  91|0x0000000086500000, 0x0000000086500000, 0x0000000086600000|  0%| F|  |TAMS 0x0000000086500000, 0x0000000086500000| Untracked 
|  92|0x0000000086600000, 0x0000000086600000, 0x0000000086700000|  0%| F|  |TAMS 0x0000000086600000, 0x0000000086600000| Untracked 
|  93|0x0000000086700000, 0x0000000086700000, 0x0000000086800000|  0%| F|  |TAMS 0x0000000086700000, 0x0000000086700000| Untracked 
|  94|0x0000000086800000, 0x0000000086800000, 0x0000000086900000|  0%| F|  |TAMS 0x0000000086800000, 0x0000000086800000| Untracked 
|  95|0x0000000086900000, 0x0000000086900000, 0x0000000086a00000|  0%| F|  |TAMS 0x0000000086900000, 0x0000000086900000| Untracked 
|  96|0x0000000086a00000, 0x0000000086a00000, 0x0000000086b00000|  0%| F|  |TAMS 0x0000000086a00000, 0x0000000086a00000| Untracked 
|  97|0x0000000086b00000, 0x0000000086b00000, 0x0000000086c00000|  0%| F|  |TAMS 0x0000000086b00000, 0x0000000086b00000| Untracked 
|  98|0x0000000086c00000, 0x0000000086c00000, 0x0000000086d00000|  0%| F|  |TAMS 0x0000000086c00000, 0x0000000086c00000| Untracked 
|  99|0x0000000086d00000, 0x0000000086d00000, 0x0000000086e00000|  0%| F|  |TAMS 0x0000000086d00000, 0x0000000086d00000| Untracked 
| 100|0x0000000086e00000, 0x0000000086e00000, 0x0000000086f00000|  0%| F|  |TAMS 0x0000000086e00000, 0x0000000086e00000| Untracked 
| 101|0x0000000086f00000, 0x0000000086f00000, 0x0000000087000000|  0%| F|  |TAMS 0x0000000086f00000, 0x0000000086f00000| Untracked 
| 102|0x0000000087000000, 0x0000000087000000, 0x0000000087100000|  0%| F|  |TAMS 0x0000000087000000, 0x0000000087000000| Untracked 
| 103|0x0000000087100000, 0x0000000087100000, 0x0000000087200000|  0%| F|  |TAMS 0x0000000087100000, 0x0000000087100000| Untracked 
| 104|0x0000000087200000, 0x0000000087200000, 0x0000000087300000|  0%| F|  |TAMS 0x0000000087200000, 0x0000000087200000| Untracked 
| 105|0x0000000087300000, 0x0000000087300000, 0x0000000087400000|  0%| F|  |TAMS 0x0000000087300000, 0x0000000087300000| Untracked 
| 106|0x0000000087400000, 0x0000000087400000, 0x0000000087500000|  0%| F|  |TAMS 0x0000000087400000, 0x0000000087400000| Untracked 
| 107|0x0000000087500000, 0x0000000087500000, 0x0000000087600000|  0%| F|  |TAMS 0x0000000087500000, 0x0000000087500000| Untracked 
| 108|0x0000000087600000, 0x0000000087600000, 0x0000000087700000|  0%| F|  |TAMS 0x0000000087600000, 0x0000000087600000| Untracked 
| 109|0x0000000087700000, 0x0000000087700000, 0x0000000087800000|  0%| F|  |TAMS 0x0000000087700000, 0x0000000087700000| Untracked 
| 110|0x0000000087800000, 0x0000000087800000, 0x0000000087900000|  0%| F|  |TAMS 0x0000000087800000, 0x0000000087800000| Untracked 
| 111|0x0000000087900000, 0x0000000087900000, 0x0000000087a00000|  0%| F|  |TAMS 0x0000000087900000, 0x0000000087900000| Untracked 
| 112|0x0000000087a00000, 0x0000000087a00000, 0x0000000087b00000|  0%| F|  |TAMS 0x0000000087a00000, 0x0000000087a00000| Untracked 
| 113|0x0000000087b00000, 0x0000000087b00000, 0x0000000087c00000|  0%| F|  |TAMS 0x0000000087b00000, 0x0000000087b00000| Untracked 
| 114|0x0000000087c00000, 0x0000000087c00000, 0x0000000087d00000|  0%| F|  |TAMS 0x0000000087c00000, 0x0000000087c00000| Untracked 
| 115|0x0000000087d00000, 0x0000000087d00000, 0x0000000087e00000|  0%| F|  |TAMS 0x0000000087d00000, 0x0000000087d00000| Untracked 
| 116|0x0000000087e00000, 0x0000000087e00000, 0x0000000087f00000|  0%| F|  |TAMS 0x0000000087e00000, 0x0000000087e00000| Untracked 
| 117|0x0000000087f00000, 0x0000000087f00000, 0x0000000088000000|  0%| F|  |TAMS 0x0000000087f00000, 0x0000000087f00000| Untracked 
| 118|0x0000000088000000, 0x0000000088000000, 0x0000000088100000|  0%| F|  |TAMS 0x0000000088000000, 0x0000000088000000| Untracked 
| 119|0x0000000088100000, 0x0000000088100000, 0x0000000088200000|  0%| F|  |TAMS 0x0000000088100000, 0x0000000088100000| Untracked 
| 120|0x0000000088200000, 0x0000000088200000, 0x0000000088300000|  0%| F|  |TAMS 0x0000000088200000, 0x0000000088200000| Untracked 
| 121|0x0000000088300000, 0x0000000088300000, 0x0000000088400000|  0%| F|  |TAMS 0x0000000088300000, 0x0000000088300000| Untracked 
| 122|0x0000000088400000, 0x0000000088400000, 0x0000000088500000|  0%| F|  |TAMS 0x0000000088400000, 0x0000000088400000| Untracked 
| 123|0x0000000088500000, 0x0000000088500000, 0x0000000088600000|  0%| F|  |TAMS 0x0000000088500000, 0x0000000088500000| Untracked 
| 124|0x0000000088600000, 0x0000000088666ed8, 0x0000000088700000| 40%| S|CS|TAMS 0x0000000088600000, 0x0000000088600000| Complete 
| 125|0x0000000088700000, 0x0000000088800000, 0x0000000088800000|100%| S|CS|TAMS 0x0000000088700000, 0x0000000088700000| Complete 
| 126|0x0000000088800000, 0x0000000088900000, 0x0000000088900000|100%| S|CS|TAMS 0x0000000088800000, 0x0000000088800000| Complete 
| 127|0x0000000088900000, 0x0000000088a00000, 0x0000000088a00000|100%| S|CS|TAMS 0x0000000088900000, 0x0000000088900000| Complete 
| 128|0x0000000088a00000, 0x0000000088b00000, 0x0000000088b00000|100%| S|CS|TAMS 0x0000000088a00000, 0x0000000088a00000| Complete 
| 129|0x0000000088b00000, 0x0000000088c00000, 0x0000000088c00000|100%| S|CS|TAMS 0x0000000088b00000, 0x0000000088b00000| Complete 
| 130|0x0000000088c00000, 0x0000000088d00000, 0x0000000088d00000|100%| S|CS|TAMS 0x0000000088c00000, 0x0000000088c00000| Complete 
| 131|0x0000000088d00000, 0x0000000088d00000, 0x0000000088e00000|  0%| F|  |TAMS 0x0000000088d00000, 0x0000000088d00000| Untracked 
| 132|0x0000000088e00000, 0x0000000088e00000, 0x0000000088f00000|  0%| F|  |TAMS 0x0000000088e00000, 0x0000000088e00000| Untracked 
| 133|0x0000000088f00000, 0x0000000088f00000, 0x0000000089000000|  0%| F|  |TAMS 0x0000000088f00000, 0x0000000088f00000| Untracked 
| 134|0x0000000089000000, 0x0000000089000000, 0x0000000089100000|  0%| F|  |TAMS 0x0000000089000000, 0x0000000089000000| Untracked 
| 135|0x0000000089100000, 0x0000000089100000, 0x0000000089200000|  0%| F|  |TAMS 0x0000000089100000, 0x0000000089100000| Untracked 
| 136|0x0000000089200000, 0x0000000089200000, 0x0000000089300000|  0%| F|  |TAMS 0x0000000089200000, 0x0000000089200000| Untracked 
| 137|0x0000000089300000, 0x0000000089300000, 0x0000000089400000|  0%| F|  |TAMS 0x0000000089300000, 0x0000000089300000| Untracked 
| 138|0x0000000089400000, 0x0000000089400000, 0x0000000089500000|  0%| F|  |TAMS 0x0000000089400000, 0x0000000089400000| Untracked 
| 139|0x0000000089500000, 0x0000000089500000, 0x0000000089600000|  0%| F|  |TAMS 0x0000000089500000, 0x0000000089500000| Untracked 
| 140|0x0000000089600000, 0x0000000089600000, 0x0000000089700000|  0%| F|  |TAMS 0x0000000089600000, 0x0000000089600000| Untracked 
| 141|0x0000000089700000, 0x0000000089700000, 0x0000000089800000|  0%| F|  |TAMS 0x0000000089700000, 0x0000000089700000| Untracked 
| 142|0x0000000089800000, 0x0000000089800000, 0x0000000089900000|  0%| F|  |TAMS 0x0000000089800000, 0x0000000089800000| Untracked 
| 143|0x0000000089900000, 0x0000000089900000, 0x0000000089a00000|  0%| F|  |TAMS 0x0000000089900000, 0x0000000089900000| Untracked 
| 144|0x0000000089a00000, 0x0000000089a00000, 0x0000000089b00000|  0%| F|  |TAMS 0x0000000089a00000, 0x0000000089a00000| Untracked 
| 145|0x0000000089b00000, 0x0000000089b00000, 0x0000000089c00000|  0%| F|  |TAMS 0x0000000089b00000, 0x0000000089b00000| Untracked 
| 146|0x0000000089c00000, 0x0000000089c00000, 0x0000000089d00000|  0%| F|  |TAMS 0x0000000089c00000, 0x0000000089c00000| Untracked 
| 147|0x0000000089d00000, 0x0000000089d00000, 0x0000000089e00000|  0%| F|  |TAMS 0x0000000089d00000, 0x0000000089d00000| Untracked 
| 148|0x0000000089e00000, 0x0000000089e00000, 0x0000000089f00000|  0%| F|  |TAMS 0x0000000089e00000, 0x0000000089e00000| Untracked 
| 149|0x0000000089f00000, 0x0000000089f00000, 0x000000008a000000|  0%| F|  |TAMS 0x0000000089f00000, 0x0000000089f00000| Untracked 
| 150|0x000000008a000000, 0x000000008a000000, 0x000000008a100000|  0%| F|  |TAMS 0x000000008a000000, 0x000000008a000000| Untracked 
| 151|0x000000008a100000, 0x000000008a100000, 0x000000008a200000|  0%| F|  |TAMS 0x000000008a100000, 0x000000008a100000| Untracked 
| 152|0x000000008a200000, 0x000000008a200000, 0x000000008a300000|  0%| F|  |TAMS 0x000000008a200000, 0x000000008a200000| Untracked 
| 153|0x000000008a300000, 0x000000008a300000, 0x000000008a400000|  0%| F|  |TAMS 0x000000008a300000, 0x000000008a300000| Untracked 

Card table byte_map: [0x00000135f7590000,0x00000135f7990000] _byte_map_base: 0x00000135f718b000

Marking Bits (Prev, Next): (CMBitMap*) 0x00000135efb56308, (CMBitMap*) 0x00000135efb56340
 Prev Bits: [0x00000135f7d90000, 0x00000135f9d68000)
 Next Bits: [0x00000135f9d70000, 0x00000135fbd48000)

Polling page: 0x00000135eda30000

Metaspace:

Usage:
  Non-class:     50.10 MB capacity,    49.17 MB ( 98%) used,   771.03 KB (  2%) free+waste,   185.44 KB ( <1%) overhead. 
      Class:      8.32 MB capacity,     7.67 MB ( 92%) used,   569.07 KB (  7%) free+waste,    94.69 KB (  1%) overhead. 
       Both:     58.42 MB capacity,    56.84 MB ( 97%) used,     1.31 MB (  2%) free+waste,   280.13 KB ( <1%) overhead. 

Virtual space:
  Non-class space:       52.00 MB reserved,      50.17 MB ( 96%) committed 
      Class space:        1.00 GB reserved,       8.38 MB ( <1%) committed 
             Both:        1.05 GB reserved,      58.54 MB (  5%) committed 

Chunk freelists:
   Non-Class:  3.13 KB
       Class:  3.38 KB
        Both:  6.50 KB

CodeHeap 'non-profiled nmethods': size=238912Kb used=7853Kb max_used=7853Kb free=231058Kb
 bounds [0x00000135806b0000, 0x0000013580e60000, 0x000001358f000000]
CodeHeap 'non-nmethods': size=6848Kb used=1230Kb max_used=1230Kb free=5617Kb
 bounds [0x0000013580000000, 0x0000013580270000, 0x00000135806b0000]
 total_blobs=5898 nmethods=5297 adapters=525
 compilation: enabled
              stopped_count=0, restarted_count=0
 full_count=0

Compilation events (10 events):
Event: 3.929 Thread 0x00000135fe269000 5293       1       org.hibernate.loader.plan.build.internal.spaces.AbstractQuerySpace::getUid (5 bytes)
Event: 3.930 Thread 0x00000135fe269000 nmethod 5293 0x0000013580e5a010 code [0x0000013580e5a1a0, 0x0000013580e5a258]
Event: 3.930 Thread 0x00000135fe269000 5294       1       org.hibernate.persister.entity.AbstractEntityPersister::getIdentifierColumnNames (5 bytes)
Event: 3.930 Thread 0x00000135fe269000 nmethod 5294 0x0000013580e5a310 code [0x0000013580e5a4a0, 0x0000013580e5a558]
Event: 3.930 Thread 0x00000135fe269000 5295       1       org.hibernate.type.EntityType::isEntityType (2 bytes)
Event: 3.930 Thread 0x00000135fe269000 nmethod 5295 0x0000013580e5a610 code [0x0000013580e5a7a0, 0x0000013580e5a858]
Event: 3.930 Thread 0x00000135fe269000 5296       1       org.hibernate.internal.util.StringHelper::replace (56 bytes)
Event: 3.930 Thread 0x00000135fe269000 nmethod 5296 0x0000013580e5a910 code [0x0000013580e5aae0, 0x0000013580e5acd8]
Event: 3.930 Thread 0x00000135fe269000 5297       1       org.hibernate.internal.util.StringHelper::indexOfPlaceHolder (74 bytes)
Event: 3.930 Thread 0x00000135fe269000 nmethod 5297 0x0000013580e5ae90 code [0x0000013580e5b080, 0x0000013580e5b458]

GC Heap History (10 events):
Event: 0.989 GC heap after
{Heap after GC invocations=4 (full 0):
 garbage-first heap   total 131072K, used 10539K [0x0000000080a00000, 0x0000000100000000)
  region size 1024K, 3 young (3072K), 3 survivors (3072K)
 Metaspace       used 20426K, capacity 21146K, committed 21248K, reserved 1067008K
  class space    used 2435K, capacity 2739K, committed 2816K, reserved 1048576K
}
Event: 1.321 GC heap before
{Heap before GC invocations=5 (full 0):
 garbage-first heap   total 131072K, used 85291K [0x0000000080a00000, 0x0000000100000000)
  region size 1024K, 76 young (77824K), 3 survivors (3072K)
 Metaspace       used 30286K, capacity 31176K, committed 31360K, reserved 1077248K
  class space    used 3765K, capacity 4130K, committed 4224K, reserved 1048576K
}
Event: 1.327 GC heap after
{Heap after GC invocations=6 (full 0):
 garbage-first heap   total 157696K, used 14254K [0x0000000080a00000, 0x0000000100000000)
  region size 1024K, 7 young (7168K), 7 survivors (7168K)
 Metaspace       used 30286K, capacity 31176K, committed 31360K, reserved 1077248K
  class space    used 3765K, capacity 4130K, committed 4224K, reserved 1048576K
}
Event: 1.824 GC heap before
{Heap before GC invocations=6 (full 0):
 garbage-first heap   total 157696K, used 85934K [0x0000000080a00000, 0x0000000100000000)
  region size 1024K, 78 young (79872K), 7 survivors (7168K)
 Metaspace       used 34674K, capacity 35723K, committed 35840K, reserved 1081344K
  class space    used 4416K, capacity 4863K, committed 4864K, reserved 1048576K
}
Event: 1.833 GC heap after
{Heap after GC invocations=7 (full 0):
 garbage-first heap   total 157696K, used 16879K [0x0000000080a00000, 0x0000000100000000)
  region size 1024K, 9 young (9216K), 9 survivors (9216K)
 Metaspace       used 34674K, capacity 35723K, committed 35840K, reserved 1081344K
  class space    used 4416K, capacity 4863K, committed 4864K, reserved 1048576K
}
Event: 2.677 GC heap before
{Heap before GC invocations=8 (full 0):
 garbage-first heap   total 157696K, used 99823K [0x0000000080a00000, 0x0000000100000000)
  region size 1024K, 90 young (92160K), 9 survivors (9216K)
 Metaspace       used 41633K, capacity 43073K, committed 43136K, reserved 1087488K
  class space    used 5412K, capacity 5993K, committed 6016K, reserved 1048576K
}
Event: 2.686 GC heap after
{Heap after GC invocations=9 (full 0):
 garbage-first heap   total 157696K, used 20911K [0x0000000080a00000, 0x0000000100000000)
  region size 1024K, 7 young (7168K), 7 survivors (7168K)
 Metaspace       used 41633K, capacity 43073K, committed 43136K, reserved 1087488K
  class space    used 5412K, capacity 5993K, committed 6016K, reserved 1048576K
}
Event: 3.663 GC heap before
{Heap before GC invocations=9 (full 0):
 garbage-first heap   total 157696K, used 107951K [0x0000000080a00000, 0x0000000100000000)
  region size 1024K, 92 young (94208K), 7 survivors (7168K)
 Metaspace       used 55742K, capacity 57303K, committed 57600K, reserved 1099776K
  class space    used 7454K, capacity 8085K, committed 8192K, reserved 1048576K
}
Event: 3.671 GC heap after
{Heap after GC invocations=10 (full 0):
 garbage-first heap   total 157696K, used 26324K [0x0000000080a00000, 0x0000000100000000)
  region size 1024K, 10 young (10240K), 10 survivors (10240K)
 Metaspace       used 55742K, capacity 57303K, committed 57600K, reserved 1099776K
  class space    used 7454K, capacity 8085K, committed 8192K, reserved 1048576K
}
Event: 3.934 GC heap before
{Heap before GC invocations=10 (full 0):
 garbage-first heap   total 157696K, used 48852K [0x0000000080a00000, 0x0000000100000000)
  region size 1024K, 33 young (33792K), 10 survivors (10240K)
 Metaspace       used 58199K, capacity 59820K, committed 59948K, reserved 1101824K
  class space    used 7853K, capacity 8517K, committed 8576K, reserved 1048576K
}

Deoptimization events (0 events):
No events

Classes redefined (0 events):
No events

Internal exceptions (10 events):
Event: 2.516 Thread 0x00000135ff798800 Exception <a 'sun/nio/fs/WindowsException'{0x00000000864da578}> (0x00000000864da578) thrown at [./open/src/hotspot/share/prims/jni.cpp, line 611]
Event: 2.582 Thread 0x00000135ff798800 Exception <a 'java/io/FileNotFoundException'{0x00000000853e2ee0}> (0x00000000853e2ee0) thrown at [./open/src/hotspot/share/prims/jni.cpp, line 611]
Event: 2.600 Thread 0x00000135ff798800 Exception <a 'java/lang/NoSuchMethodError'{0x0000000085152358}: java.lang.invoke.DirectMethodHandle$Holder.invokeInterface(Ljava/lang/Object;Ljava/lang/Object;Ljava/lang/Object;Ljava/lang/Object;)I> (0x0000000085152358) thrown at [./open/src/hotspot/share
Event: 2.651 Thread 0x00000135ff798800 Exception <a 'java/lang/NoSuchMethodError'{0x0000000084d9f7c8}: static Lorg/springframework/security/authentication/AbstractAuthenticationToken;.<clinit>()V> (0x0000000084d9f7c8) thrown at [./open/src/hotspot/share/prims/jni.cpp, line 1366]
Event: 2.896 Thread 0x000001358f47a000 Exception <a 'java/lang/reflect/InvocationTargetException'{0x0000000088f82320}> (0x0000000088f82320) thrown at [./open/src/hotspot/share/runtime/reflection.cpp, line 1242]
Event: 3.234 Thread 0x00000135ff798800 Exception <a 'java/lang/NoSuchMethodError'{0x00000000875cae48}: java.lang.invoke.DirectMethodHandle$Holder.invokeStaticInit(Ljava/lang/Object;Ljava/lang/Object;Ljava/lang/Object;Ljava/lang/Object;)Ljava/lang/Object;> (0x00000000875cae48) thrown at [./open
Event: 3.398 Thread 0x000001358f47a000 Exception <a 'java/lang/reflect/InvocationTargetException'{0x0000000088f86358}> (0x0000000088f86358) thrown at [./open/src/hotspot/share/runtime/reflection.cpp, line 1242]
Event: 3.414 Thread 0x00000135ff798800 Exception <a 'java/lang/NoSuchMethodError'{0x00000000867ef368}: java.lang.invoke.DirectMethodHandle$Holder.newInvokeSpecial(Ljava/lang/Object;Ljava/lang/Object;ILjava/lang/Object;Ljava/lang/Object;)Ljava/lang/Object;> (0x00000000867ef368) thrown at [./ope
Event: 3.875 Thread 0x00000135ff798800 Exception <a 'java/lang/NoSuchMethodError'{0x0000000089264f98}: java.lang.invoke.DirectMethodHandle$Holder.invokeInterface(Ljava/lang/Object;Ljava/lang/Object;)V> (0x0000000089264f98) thrown at [./open/src/hotspot/share/interpreter/linkResolver.cpp, line 
Event: 3.884 Thread 0x00000135ff798800 Exception <a 'java/lang/NoSuchMethodError'{0x0000000089121858}: java.lang.invoke.DirectMethodHandle$Holder.invokeStaticInit(Ljava/lang/Object;Ljava/lang/Object;Ljava/lang/Object;Ljava/lang/Object;II)Ljava/lang/Object;> (0x0000000089121858) thrown at [./op

Events (10 events):
Event: 3.933 loading class org/hibernate/metamodel/model/domain/spi/EmbeddedTypeDescriptor done
Event: 3.933 loading class org/hibernate/metamodel/model/domain/EmbeddedDomainType
Event: 3.933 loading class org/hibernate/metamodel/model/domain/EmbeddedDomainType done
Event: 3.933 loading class org/hibernate/metamodel/internal/AttributeFactory$AttributeMetadata
Event: 3.933 loading class org/hibernate/metamodel/internal/AttributeFactory$AttributeMetadata done
Event: 3.934 loading class org/hibernate/metamodel/model/domain/internal/SingularAttributeImpl
Event: 3.934 loading class org/hibernate/metamodel/model/domain/internal/SingularAttributeImpl done
Event: 3.934 loading class org/hibernate/metamodel/model/domain/internal/AbstractAttribute
Event: 3.934 loading class org/hibernate/metamodel/model/domain/internal/AbstractAttribute done
Event: 3.934 Executing VM operation: CollectForMetadataAllocation


Dynamic libraries:
0x00007ff73c3d0000 - 0x00007ff73c3df000 	C:\Program Files\Java\jdk-11.0.14\bin\javaw.exe
0x00007ffd12990000 - 0x00007ffd12b88000 	C:\Windows\SYSTEM32\ntdll.dll
0x00007ffd126c0000 - 0x00007ffd1277f000 	C:\Windows\System32\KERNEL32.DLL
0x00007ffd10090000 - 0x00007ffd10362000 	C:\Windows\System32\KERNELBASE.dll
0x00007ffd104e0000 - 0x00007ffd105e0000 	C:\Windows\System32\ucrtbase.dll
0x00007ffd06db0000 - 0x00007ffd06dc8000 	C:\Program Files\Java\jdk-11.0.14\bin\jli.dll
0x00007ffd117c0000 - 0x00007ffd1186e000 	C:\Windows\System32\ADVAPI32.dll
0x00007ffd11960000 - 0x00007ffd119fe000 	C:\Windows\System32\msvcrt.dll
0x00007ffd11fc0000 - 0x00007ffd1205c000 	C:\Windows\System32\sechost.dll
0x00007ffd10f40000 - 0x00007ffd11065000 	C:\Windows\System32\RPCRT4.dll
0x00007ffcebc00000 - 0x00007ffcebc15000 	C:\Program Files\Java\jdk-11.0.14\bin\VCRUNTIME140.dll
0x00007ffd11bf0000 - 0x00007ffd11d8d000 	C:\Windows\System32\USER32.dll
0x00007ffd104b0000 - 0x00007ffd104d2000 	C:\Windows\System32\win32u.dll
0x00007ffd10a10000 - 0x00007ffd10a3b000 	C:\Windows\System32\GDI32.dll
0x00007ffd10720000 - 0x00007ffd1082f000 	C:\Windows\System32\gdi32full.dll
0x00007ffd10410000 - 0x00007ffd104ad000 	C:\Windows\System32\msvcp_win.dll
0x00007ffcf7df0000 - 0x00007ffcf808a000 	C:\Windows\WinSxS\amd64_microsoft.windows.common-controls_6595b64144ccf1df_6.0.19041.1110_none_60b5254171f9507e\COMCTL32.dll
0x00007ffd08770000 - 0x00007ffd0877a000 	C:\Windows\SYSTEM32\VERSION.dll
0x00007ffd12060000 - 0x00007ffd12092000 	C:\Windows\System32\IMM32.DLL
0x00007ffcd9d80000 - 0x00007ffcd9e1b000 	C:\Program Files\Java\jdk-11.0.14\bin\msvcp140.dll
0x00007ffcc6fe0000 - 0x00007ffcc7af6000 	C:\Program Files\Java\jdk-11.0.14\bin\server\jvm.dll
0x00007ffd11950000 - 0x00007ffd11958000 	C:\Windows\System32\PSAPI.DLL
0x00007ffcf8f20000 - 0x00007ffcf8f29000 	C:\Windows\SYSTEM32\WSOCK32.dll
0x00007ffd00f00000 - 0x00007ffd00f27000 	C:\Windows\SYSTEM32\WINMM.dll
0x00007ffd12150000 - 0x00007ffd121bb000 	C:\Windows\System32\WS2_32.dll
0x00007ffd0df70000 - 0x00007ffd0df82000 	C:\Windows\SYSTEM32\kernel.appcore.dll
0x00007ffd0bab0000 - 0x00007ffd0bac0000 	C:\Program Files\Java\jdk-11.0.14\bin\verify.dll
0x00007ffcfa2a0000 - 0x00007ffcfa484000 	C:\Windows\SYSTEM32\DBGHELP.DLL
0x00007ffcf8100000 - 0x00007ffcf812c000 	C:\Windows\SYSTEM32\dbgcore.DLL
0x00007ffd10690000 - 0x00007ffd10712000 	C:\Windows\System32\bcryptPrimitives.dll
0x00007ffd06dd0000 - 0x00007ffd06df8000 	C:\Program Files\Java\jdk-11.0.14\bin\java.dll
0x00007ffd09df0000 - 0x00007ffd09dfa000 	C:\Program Files\Java\jdk-11.0.14\bin\jimage.dll
0x00007ffd06d90000 - 0x00007ffd06da6000 	C:\Program Files\Java\jdk-11.0.14\bin\zip.dll
0x00007ffd11070000 - 0x00007ffd117b3000 	C:\Windows\System32\SHELL32.dll
0x00007ffd0e170000 - 0x00007ffd0e902000 	C:\Windows\SYSTEM32\windows.storage.dll
0x00007ffd121c0000 - 0x00007ffd12514000 	C:\Windows\System32\combase.dll
0x00007ffd0fa10000 - 0x00007ffd0fa40000 	C:\Windows\SYSTEM32\Wldp.dll
0x00007ffd12780000 - 0x00007ffd1282d000 	C:\Windows\System32\SHCORE.dll
0x00007ffd12520000 - 0x00007ffd12575000 	C:\Windows\System32\shlwapi.dll
0x00007ffd0ffd0000 - 0x00007ffd0ffef000 	C:\Windows\SYSTEM32\profapi.dll
0x00007ffcff620000 - 0x00007ffcff639000 	C:\Program Files\Java\jdk-11.0.14\bin\net.dll
0x00007ffcffb10000 - 0x00007ffcffc1c000 	C:\Windows\SYSTEM32\WINHTTP.dll
0x00007ffd0f770000 - 0x00007ffd0f7da000 	C:\Windows\system32\mswsock.dll
0x00007ffcfd0c0000 - 0x00007ffcfd0d2000 	C:\Program Files\Java\jdk-11.0.14\bin\nio.dll
0x00007ffcebe70000 - 0x00007ffcebe79000 	C:\Program Files\Java\jdk-11.0.14\bin\management.dll
0x00007ffcebc40000 - 0x00007ffcebc4b000 	C:\Program Files\Java\jdk-11.0.14\bin\management_ext.dll
0x00007ffceb860000 - 0x00007ffceb877000 	C:\Windows\system32\napinsp.dll
0x00007ffceb840000 - 0x00007ffceb85b000 	C:\Windows\system32\pnrpnsp.dll
0x00007ffce2420000 - 0x00007ffce2435000 	C:\Windows\system32\wshbth.dll
0x00007ffd0ba50000 - 0x00007ffd0ba6d000 	C:\Windows\system32\NLAapi.dll
0x00007ffd0f460000 - 0x00007ffd0f49b000 	C:\Windows\SYSTEM32\IPHLPAPI.DLL
0x00007ffd0f4a0000 - 0x00007ffd0f56a000 	C:\Windows\SYSTEM32\DNSAPI.dll
0x00007ffd10a00000 - 0x00007ffd10a08000 	C:\Windows\System32\NSI.dll
0x00007ffcea9f0000 - 0x00007ffceaa02000 	C:\Windows\System32\winrnr.dll
0x00007ffd07c70000 - 0x00007ffd07c7a000 	C:\Windows\System32\rasadhlp.dll
0x00007ffcffa90000 - 0x00007ffcffb10000 	C:\Windows\System32\fwpuclnt.dll
0x00007ffd10370000 - 0x00007ffd10397000 	C:\Windows\System32\bcrypt.dll
0x00007ffd0f960000 - 0x00007ffd0f978000 	C:\Windows\SYSTEM32\CRYPTSP.dll
0x00007ffd0f090000 - 0x00007ffd0f0c4000 	C:\Windows\system32\rsaenh.dll
0x00007ffd0ff90000 - 0x00007ffd0ffbe000 	C:\Windows\SYSTEM32\USERENV.dll
0x00007ffd0f980000 - 0x00007ffd0f98c000 	C:\Windows\SYSTEM32\CRYPTBASE.dll
0x00007ffd0a230000 - 0x00007ffd0a247000 	C:\Windows\SYSTEM32\dhcpcsvc6.DLL
0x00007ffd09c40000 - 0x00007ffd09c5d000 	C:\Windows\SYSTEM32\dhcpcsvc.DLL

dbghelp: loaded successfully - version: 4.0.5 - missing functions: none
symbol engine: initialized successfully - sym options: 0x614 - pdb path: .;C:\Program Files\Java\jdk-11.0.14\bin;C:\Windows\SYSTEM32;C:\Windows\WinSxS\amd64_microsoft.windows.common-controls_6595b64144ccf1df_6.0.19041.1110_none_60b5254171f9507e;C:\Program Files\Java\jdk-11.0.14\bin\server

VM Arguments:
jvm_args: -Dcom.sun.management.jmxremote -Dcom.sun.management.jmxremote.port=52288 -Dcom.sun.management.jmxremote.authenticate=false -Dcom.sun.management.jmxremote.ssl=false -Djava.rmi.server.hostname=localhost -Dspring.jmx.enabled=true -Dspring.application.admin.enabled=true -XX:TieredStopAtLevel=1 -Dspring.boot.project.name=Spring-Hotel -Dfile.encoding=UTF-8 
java_command: com.registro.usuarios.RegistroUsuariosSpringSecurityApplication
java_class_path (initial): G:\Trabajos Eclipse\ProyectoHotel\registro-usuarios-spring\registro-usuarios-spring-security\target\classes;C:\Users\che\.m2\repository\org\springframework\boot\spring-boot-starter-data-jpa\2.5.7\spring-boot-starter-data-jpa-2.5.7.jar;C:\Users\che\.m2\repository\org\springframework\boot\spring-boot-starter-aop\2.5.7\spring-boot-starter-aop-2.5.7.jar;C:\Users\che\.m2\repository\org\aspectj\aspectjweaver\1.9.7\aspectjweaver-1.9.7.jar;C:\Users\che\.m2\repository\org\springframework\boot\spring-boot-starter-jdbc\2.5.7\spring-boot-starter-jdbc-2.5.7.jar;C:\Users\che\.m2\repository\com\zaxxer\HikariCP\4.0.3\HikariCP-4.0.3.jar;C:\Users\che\.m2\repository\org\springframework\spring-jdbc\5.3.13\spring-jdbc-5.3.13.jar;C:\Users\che\.m2\repository\jakarta\transaction\jakarta.transaction-api\1.3.3\jakarta.transaction-api-1.3.3.jar;C:\Users\che\.m2\repository\jakarta\persistence\jakarta.persistence-api\2.2.3\jakarta.persistence-api-2.2.3.jar;C:\Users\che\.m2\repository\org\hibernate\hibernate-core\5.4.32.Final\hibernate-core-5.4.32.Final.jar;C:\Users\che\.m2\repository\org\jboss\logging\jboss-logging\3.4.2.Final\jboss-logging-3.4.2.Final.jar;C:\Users\che\.m2\repository\org\javassist\javassist\3.27.0-GA\javassist-3.27.0-GA.jar;C:\Users\che\.m2\repository\net\bytebuddy\byte-buddy\1.10.22\byte-buddy-1.10.22.jar;C:\Users\che\.m2\repository\antlr\antlr\2.7.7\antlr-2.7.7.jar;C:\Users\che\.m2\repository\org\jboss\jandex\2.2.3.Final\jandex-2.2.3.Final.jar;C:\Users\che\.m2\repository\com\fasterxml\classmate\1.5.1\classmate-1.5.1.jar;C:\Users\che\.m2\repository\org\dom4j\dom4j\2.1.3\dom4j-2.1.3.jar;C:\Users\che\.m2\repository\org\hibernate\common\hibernate-commons-annotations\5.1.2.Final\hibernate-commons-annotations-5.1.2.Final.jar;C:\Users\che\.m2\repository\org\glassfish\jaxb\jaxb-runtime\2.3.5\jaxb-runtime-2.3.5.jar;C:\Users\che\.m2\repository\org\glassfish\jaxb\txw2\2.3.5\txw2-2.3.5.jar;C:\Users\che\.m2\repository\com\sun\istack\istack-commons-runtime\3.0.
Launcher Type: SUN_STANDARD

[Global flags]
     intx CICompilerCount                          = 3                                         {product} {ergonomic}
     uint ConcGCThreads                            = 1                                         {product} {ergonomic}
     uint G1ConcRefinementThreads                  = 4                                         {product} {ergonomic}
   size_t G1HeapRegionSize                         = 1048576                                   {product} {ergonomic}
    uintx GCDrainStackTargetSize                   = 64                                        {product} {ergonomic}
   size_t InitialHeapSize                          = 134217728                                 {product} {ergonomic}
     bool ManagementServer                         = true                                      {product} {command line}
   size_t MarkStackSize                            = 4194304                                   {product} {ergonomic}
   size_t MaxHeapSize                              = 2136997888                                {product} {ergonomic}
   size_t MaxNewSize                               = 1281359872                                {product} {ergonomic}
   size_t MinHeapDeltaBytes                        = 1048576                                   {product} {ergonomic}
    uintx NonNMethodCodeHeapSize                   = 6973028                                {pd product} {ergonomic}
    uintx NonProfiledCodeHeapSize                  = 244685212                              {pd product} {ergonomic}
    uintx ProfiledCodeHeapSize                     = 0                                      {pd product} {ergonomic}
    uintx ReservedCodeCacheSize                    = 251658240                              {pd product} {ergonomic}
     bool SegmentedCodeCache                       = true                                      {product} {ergonomic}
     intx TieredStopAtLevel                        = 1                                         {product} {command line}
     bool UseCompressedClassPointers               = true                                 {lp64_product} {ergonomic}
     bool UseCompressedOops                        = true                                 {lp64_product} {ergonomic}
     bool UseG1GC                                  = true                                      {product} {ergonomic}
     bool UseLargePagesIndividualAllocation        = false                                  {pd product} {ergonomic}

Logging:
Log output configuration:
 #0: stdout all=warning uptime,level,tags
 #1: stderr all=off uptime,level,tags

Environment Variables:
JAVA_HOME=C:\Program Files\Java\jdk1.8.0_141
PATH=C:/Program Files/Java/jdk-11.0.14/bin/server;C:/Program Files/Java/jdk-11.0.14/bin;C:\Program Files\Common Files\Oracle\Java\javapath;C:\Program Files (x86)\Common Files\Oracle\Java\javapath;C:\Windows\system32;C:\Windows;C:\Windows\System32\Wbem;C:\Windows\System32\WindowsPowerShell\v1.0\;C:\Windows\System32\OpenSSH\;C:\Program Files\apache-maven-3.8.5\bin;C:\Program Files\Microsoft SQL Server\150\Tools\Binn\;C:\Program Files\Microsoft SQL Server\Client SDK\ODBC\170\Tools\Binn\;C:\Program Files (x86)\Microsoft SQL Server\150\DTS\Binn\;C:\Program Files\dotnet\;F:\;C:\Program Files\nodejs\;C:\Program Files\Git\cmd;C:\Program Files (x86)\NVIDIA Corporation\PhysX\Common;C:\Program Files (x86)\Microsoft SQL Server\150\Tools\Binn\;C:\Program Files\Microsoft SQL Server\150\DTS\Binn\;C:\Users\che\AppData\Local\Microsoft\WindowsApps;C:\Users\che\AppData\Local\Programs\Microsoft VS Code\bin;C:\Program Files\Azure Data Studio\bin;C:\Users\che\.dotnet\tools;C:\Users\che\AppData\Roaming\npm;F:\Intellij IDEA\IntelliJ IDEA Community Edition 2022.2.1\bin;;C:\Windows\system32;
USERNAME=che
OS=Windows_NT
PROCESSOR_IDENTIFIER=Intel64 Family 6 Model 158 Stepping 9, GenuineIntel



---------------  S Y S T E M  ---------------

OS: Windows 10 , 64 bit Build 19041 (10.0.19041.2251)

CPU:total 4 (initial active 4) (4 cores per cpu, 1 threads per core) family 6 model 158 stepping 9 microcode 0xb4, cmov, cx8, fxsr, mmx, sse, sse2, sse3, ssse3, sse4.1, sse4.2, popcnt, avx, avx2, aes, clmul, erms, 3dnowpref, lzcnt, tsc, tscinvbit, bmi1, bmi2, adx, fma

Memory: 4k page, system-wide physical 8151M (1729M free)
TotalPageFile size 10199M (AvailPageFile size 31M)
current process WorkingSet (physical memory assigned to process): 252M, peak: 252M
current process commit charge ("private bytes"): 314M, peak: 345M

vm_info: Java HotSpot(TM) 64-Bit Server VM (11.0.14+8-LTS-263) for windows-amd64 JRE (11.0.14+8-LTS-263), built on Dec  7 2021 21:53:57 by "mach5one" with MS VC++ 15.9 (VS2017)

END.
